2024-04-26 16:59:49,192 - INFO - Signal ID: 1
Start Frequency: 5725.673828125 MHz
End Frequency: 5725.68359375 MHz
Bandwidth: 0.0 MHz
Peak Power: -54.79 dBm
Peak Frequency: 5725.673828125 MHz
Position X: 1188
Position Y: 1005
Channel: Unknown
Potential Channels: ['A7', 'B0', 'F0', 'R2', 'H2']
2024-04-26 16:59:49,192 - INFO - Signal ID: 2
Start Frequency: 5725.732421875 MHz
End Frequency: 5725.966796875 MHz
Bandwidth: 0.0 MHz
Peak Power: -50.67 dBm
Peak Frequency: 5725.8984375 MHz
Position X: None
Position Y: None
Channel: None
Potential Channels: []
2024-04-26 16:59:49,193 - INFO - Signal ID: 3
Start Frequency: 5726.19140625 MHz
End Frequency: 5726.25 MHz
Bandwidth: 0.0 MHz
Peak Power: -53.84 dBm
Peak Frequency: 5726.23046875 MHz
Position X: None
Position Y: None
Channel: None
Potential Channels: []
2024-04-26 16:59:49,464 - INFO - Signal ID: 4
Start Frequency: 5723.4375 MHz
End Frequency: 5723.45703125 MHz
Bandwidth: 0.0 MHz
Peak Power: -51.57 dBm
Peak Frequency: 5723.447265625 MHz
Position X: None
Position Y: None
Channel: None
Potential Channels: []
2024-04-26 16:59:49,464 - INFO - Signal ID: 5
Start Frequency: 5723.4765625 MHz
End Frequency: 5723.486328125 MHz
Bandwidth: 0.0 MHz
Peak Power: -52.16 dBm
Peak Frequency: 5723.4765625 MHz
Position X: None
Position Y: None
Channel: None
Potential Channels: []
2024-04-26 16:59:49,464 - INFO - Signal ID: 6
Start Frequency: 5723.515625 MHz
End Frequency: 5723.525390625 MHz
Bandwidth: 0.0 MHz
Peak Power: -52.44 dBm
Peak Frequency: 5723.515625 MHz
Position X: None
Position Y: None
Channel: None
Potential Channels: []
2024-04-26 16:59:49,464 - INFO - Signal ID: 7
Start Frequency: 5724.287109375 MHz
End Frequency: 5724.39453125 MHz
Bandwidth: 0.0 MHz
Peak Power: -46.88 dBm
Peak Frequency: 5724.345703125 MHz
Position X: None
Position Y: None
Channel: None
Potential Channels: []
2024-04-26 16:59:49,464 - INFO - Signal ID: 8
Start Frequency: 5724.7265625 MHz
End Frequency: 5724.765625 MHz
Bandwidth: 0.0 MHz
Peak Power: -52.27 dBm
Peak Frequency: 5724.7265625 MHz
Position X: None
Position Y: None
Channel: None
Potential Channels: []
2024-04-26 16:59:49,464 - INFO - Signal ID: 9
Start Frequency: 5724.98046875 MHz
End Frequency: 5725.029296875 MHz
Bandwidth: 0.0 MHz
Peak Power: 21.6 dBm
Peak Frequency: 5725.0 MHz
Position X: None
Position Y: None
Channel: None
Potential Channels: []
2024-04-26 16:59:49,464 - INFO - Signal ID: 10
Start Frequency: 5725.3125 MHz
End Frequency: 5725.576171875 MHz
Bandwidth: 0.0 MHz
Peak Power: -48.53 dBm
Peak Frequency: 5725.498046875 MHz
Position X: None
Position Y: None
Channel: None
Potential Channels: []
2024-04-26 16:59:49,464 - INFO - Signal ID: 11
Start Frequency: 5725.6640625 MHz
End Frequency: 5725.91796875 MHz
Bandwidth: 0.0 MHz
Peak Power: -48.46 dBm
Peak Frequency: 5725.859375 MHz
Position X: None
Position Y: None
Channel: None
Potential Channels: []
2024-04-26 16:59:49,715 - INFO - Signal ID: 12
Start Frequency: 5724.1796875 MHz
End Frequency: 5724.228515625 MHz
Bandwidth: 0.0 MHz
Peak Power: -51.77 dBm
Peak Frequency: 5724.19921875 MHz
Position X: None
Position Y: None
Channel: None
Potential Channels: []
2024-04-26 16:59:49,715 - INFO - Signal ID: 13
Start Frequency: 5725.3515625 MHz
End Frequency: 5725.52734375 MHz
Bandwidth: 0.0 MHz
Peak Power: -53.6 dBm
Peak Frequency: 5725.48828125 MHz
Position X: None
Position Y: None
Channel: None
Potential Channels: []
2024-04-26 16:59:49,715 - INFO - Signal ID: 14
Start Frequency: 5725.791015625 MHz
End Frequency: 5725.947265625 MHz
Bandwidth: 0.0 MHz
Peak Power: -52.67 dBm
Peak Frequency: 5725.908203125 MHz
Position X: None
Position Y: None
Channel: None
Potential Channels: []
2024-04-26 16:59:49,979 - INFO - Signal ID: 15
Start Frequency: 5723.046875 MHz
End Frequency: 5723.076171875 MHz
Bandwidth: 0.0 MHz
Peak Power: -52.86 dBm
Peak Frequency: 5723.056640625 MHz
Position X: None
Position Y: None
Channel: None
Potential Channels: []
2024-04-26 16:59:49,979 - INFO - Signal ID: 16
Start Frequency: 5724.1015625 MHz
End Frequency: 5724.19921875 MHz
Bandwidth: 0.0 MHz
Peak Power: -46.36 dBm
Peak Frequency: 5724.130859375 MHz
Position X: None
Position Y: None
Channel: None
Potential Channels: []
2024-04-26 16:59:49,979 - INFO - Signal ID: 17
Start Frequency: 5724.580078125 MHz
End Frequency: 5724.6484375 MHz
Bandwidth: 0.0 MHz
Peak Power: -52.27 dBm
Peak Frequency: 5724.609375 MHz
Position X: None
Position Y: None
Channel: None
Potential Channels: []
2024-04-26 16:59:49,979 - INFO - Signal ID: 18
Start Frequency: 5725.302734375 MHz
End Frequency: 5725.595703125 MHz
Bandwidth: 0.0 MHz
Peak Power: -50.06 dBm
Peak Frequency: 5725.46875 MHz
Position X: None
Position Y: None
Channel: None
Potential Channels: []
2024-04-26 16:59:49,979 - INFO - Signal ID: 19
Start Frequency: 5725.634765625 MHz
End Frequency: 5725.64453125 MHz
Bandwidth: 0.0 MHz
Peak Power: -53.95 dBm
Peak Frequency: 5725.634765625 MHz
Position X: None
Position Y: None
Channel: None
Potential Channels: []
2024-04-26 16:59:49,979 - INFO - Signal ID: 20
Start Frequency: 5725.732421875 MHz
End Frequency: 5726.015625 MHz
Bandwidth: 0.0 MHz
Peak Power: -48.34 dBm
Peak Frequency: 5725.95703125 MHz
Position X: None
Position Y: None
Channel: None
Potential Channels: []
2024-04-26 16:59:50,222 - INFO - Signal ID: 21
Start Frequency: 5722.94921875 MHz
End Frequency: 5722.96875 MHz
Bandwidth: 0.0 MHz
Peak Power: -53.75 dBm
Peak Frequency: 5722.958984375 MHz
Position X: None
Position Y: None
Channel: None
Potential Channels: []
2024-04-26 16:59:50,222 - INFO - Signal ID: 22
Start Frequency: 5724.0625 MHz
End Frequency: 5724.130859375 MHz
Bandwidth: 0.0 MHz
Peak Power: -48.53 dBm
Peak Frequency: 5724.08203125 MHz
Position X: None
Position Y: None
Channel: None
Potential Channels: []
2024-04-26 16:59:50,222 - INFO - Signal ID: 23
Start Frequency: 5724.55078125 MHz
End Frequency: 5724.619140625 MHz
Bandwidth: 0.0 MHz
Peak Power: -53.49 dBm
Peak Frequency: 5724.5703125 MHz
Position X: None
Position Y: None
Channel: None
Potential Channels: []
2024-04-26 16:59:50,222 - INFO - Signal ID: 24
Start Frequency: 5725.322265625 MHz
End Frequency: 5725.615234375 MHz
Bandwidth: 0.0 MHz
Peak Power: -49.59 dBm
Peak Frequency: 5725.546875 MHz
Position X: None
Position Y: None
Channel: None
Potential Channels: []
2024-04-26 16:59:50,222 - INFO - Signal ID: 25
Start Frequency: 5725.634765625 MHz
End Frequency: 5725.64453125 MHz
Bandwidth: 0.0 MHz
Peak Power: -54.42 dBm
Peak Frequency: 5725.634765625 MHz
Position X: None
Position Y: None
Channel: None
Potential Channels: []
2024-04-26 16:59:50,222 - INFO - Signal ID: 26
Start Frequency: 5725.673828125 MHz
End Frequency: 5725.703125 MHz
Bandwidth: 0.0 MHz
Peak Power: -54.3 dBm
Peak Frequency: 5725.673828125 MHz
Position X: None
Position Y: None
Channel: None
Potential Channels: []
2024-04-26 16:59:50,222 - INFO - Signal ID: 27
Start Frequency: 5725.732421875 MHz
End Frequency: 5726.044921875 MHz
Bandwidth: 0.0 MHz
Peak Power: -48.56 dBm
Peak Frequency: 5725.9765625 MHz
Position X: None
Position Y: None
Channel: None
Potential Channels: []
2024-04-26 16:59:50,473 - INFO - Signal ID: 28
Start Frequency: 5724.04296875 MHz
End Frequency: 5724.091796875 MHz
Bandwidth: 0.0 MHz
Peak Power: -45.14 dBm
Peak Frequency: 5724.0625 MHz
Position X: None
Position Y: None
Channel: None
Potential Channels: []
2024-04-26 16:59:50,473 - INFO - Signal ID: 29
Start Frequency: 5725.390625 MHz
End Frequency: 5725.60546875 MHz
Bandwidth: 0.0 MHz
Peak Power: -48.36 dBm
Peak Frequency: 5725.556640625 MHz
Position X: None
Position Y: None
Channel: None
Potential Channels: []
2024-04-26 16:59:50,473 - INFO - Signal ID: 30
Start Frequency: 5725.80078125 MHz
End Frequency: 5726.044921875 MHz
Bandwidth: 0.0 MHz
Peak Power: -46.45 dBm
Peak Frequency: 5725.99609375 MHz
Position X: None
Position Y: None
Channel: None
Potential Channels: []
2024-04-26 16:59:50,712 - INFO - Signal ID: 31
Start Frequency: 5722.861328125 MHz
End Frequency: 5722.880859375 MHz
Bandwidth: 0.0 MHz
Peak Power: -53.67 dBm
Peak Frequency: 5722.87109375 MHz
Position X: None
Position Y: None
Channel: None
Potential Channels: []
2024-04-26 16:59:50,712 - INFO - Signal ID: 32
Start Frequency: 5722.900390625 MHz
End Frequency: 5722.91015625 MHz
Bandwidth: 0.0 MHz
Peak Power: -52.97 dBm
Peak Frequency: 5722.900390625 MHz
Position X: None
Position Y: None
Channel: None
Potential Channels: []
2024-04-26 16:59:50,712 - INFO - Signal ID: 33
Start Frequency: 5724.033203125 MHz
End Frequency: 5724.091796875 MHz
Bandwidth: 0.0 MHz
Peak Power: -48.41 dBm
Peak Frequency: 5724.0625 MHz
Position X: None
Position Y: None
Channel: None
Potential Channels: []
2024-04-26 16:59:50,712 - INFO - Signal ID: 34
Start Frequency: 5724.5703125 MHz
End Frequency: 5724.580078125 MHz
Bandwidth: 0.0 MHz
Peak Power: -53.89 dBm
Peak Frequency: 5724.5703125 MHz
Position X: None
Position Y: None
Channel: None
Potential Channels: []
2024-04-26 16:59:50,712 - INFO - Signal ID: 35
Start Frequency: 5725.37109375 MHz
End Frequency: 5725.60546875 MHz
Bandwidth: 0.0 MHz
Peak Power: -50.47 dBm
Peak Frequency: 5725.556640625 MHz
Position X: None
Position Y: None
Channel: None
Potential Channels: []
2024-04-26 16:59:50,712 - INFO - Signal ID: 36
Start Frequency: 5725.80078125 MHz
End Frequency: 5726.044921875 MHz
Bandwidth: 0.0 MHz
Peak Power: -49.95 dBm
Peak Frequency: 5725.9765625 MHz
Position X: None
Position Y: None
Channel: None
Potential Channels: []
2024-04-26 16:59:50,958 - INFO - Signal ID: 37
Start Frequency: 5724.013671875 MHz
End Frequency: 5724.052734375 MHz
Bandwidth: 0.0 MHz
Peak Power: -42.9 dBm
Peak Frequency: 5724.033203125 MHz
Position X: None
Position Y: None
Channel: None
Potential Channels: []
2024-04-26 16:59:50,958 - INFO - Signal ID: 38
Start Frequency: 5725.458984375 MHz
End Frequency: 5725.48828125 MHz
Bandwidth: 0.0 MHz
Peak Power: -47.52 dBm
Peak Frequency: 5725.46875 MHz
Position X: None
Position Y: None
Channel: None
Potential Channels: []
2024-04-26 16:59:50,958 - INFO - Signal ID: 39
Start Frequency: 5725.5078125 MHz
End Frequency: 5725.546875 MHz
Bandwidth: 0.0 MHz
Peak Power: -47.26 dBm
Peak Frequency: 5725.517578125 MHz
Position X: None
Position Y: None
Channel: None
Potential Channels: []
2024-04-26 16:59:50,958 - INFO - Signal ID: 40
Start Frequency: 5725.8203125 MHz
End Frequency: 5726.025390625 MHz
Bandwidth: 0.0 MHz
Peak Power: -46.31 dBm
Peak Frequency: 5725.986328125 MHz
Position X: None
Position Y: None
Channel: None
Potential Channels: []
2024-04-26 16:59:51,362 - INFO - Signal ID: 41
Start Frequency: 5724.00390625 MHz
End Frequency: 5724.0625 MHz
Bandwidth: 0.0 MHz
Peak Power: -45.9 dBm
Peak Frequency: 5724.013671875 MHz
Position X: 1212
Position Y: 1003
Channel: None
Potential Channels: []
2024-04-26 16:59:51,362 - INFO - Signal ID: 42
Start Frequency: 5724.47265625 MHz
End Frequency: 5724.560546875 MHz
Bandwidth: 0.0 MHz
Peak Power: -47.87 dBm
Peak Frequency: 5724.521484375 MHz
Position X: 1212
Position Y: 1003
Channel: None
Potential Channels: []
2024-04-26 16:59:51,362 - INFO - Signal ID: 43
Start Frequency: 5725.8984375 MHz
End Frequency: 5726.171875 MHz
Bandwidth: 0.0 MHz
Peak Power: -46.02 dBm
Peak Frequency: 5726.03515625 MHz
Position X: 1212
Position Y: 1003
Channel: None
Potential Channels: []
2024-04-26 16:59:51,681 - INFO - Signal ID: 44
Start Frequency: 5723.974609375 MHz
End Frequency: 5724.00390625 MHz
Bandwidth: 0.0 MHz
Peak Power: -42.49 dBm
Peak Frequency: 5723.984375 MHz
Position X: None
Position Y: None
Channel: None
Potential Channels: []
2024-04-26 16:59:51,681 - INFO - Signal ID: 45
Start Frequency: 5724.53125 MHz
End Frequency: 5724.55078125 MHz
Bandwidth: 0.0 MHz
Peak Power: -45.16 dBm
Peak Frequency: 5724.541015625 MHz
Position X: None
Position Y: None
Channel: None
Potential Channels: []
2024-04-26 16:59:51,933 - INFO - Signal ID: 46
Start Frequency: 5723.96484375 MHz
End Frequency: 5724.00390625 MHz
Bandwidth: 0.0 MHz
Peak Power: -45.21 dBm
Peak Frequency: 5723.984375 MHz
Position X: None
Position Y: None
Channel: None
Potential Channels: []
2024-04-26 16:59:51,934 - INFO - Signal ID: 47
Start Frequency: 5724.47265625 MHz
End Frequency: 5724.541015625 MHz
Bandwidth: 0.0 MHz
Peak Power: -48.15 dBm
Peak Frequency: 5724.482421875 MHz
Position X: None
Position Y: None
Channel: None
Potential Channels: []
2024-04-26 16:59:51,934 - INFO - Signal ID: 48
Start Frequency: 5726.0546875 MHz
End Frequency: 5726.318359375 MHz
Bandwidth: 0.0 MHz
Peak Power: -45.41 dBm
Peak Frequency: 5726.142578125 MHz
Position X: None
Position Y: None
Channel: None
Potential Channels: []
2024-04-26 16:59:52,682 - INFO - Signal ID: 49
Start Frequency: 5726.357421875 MHz
End Frequency: 5726.376953125 MHz
Bandwidth: 0.0 MHz
Peak Power: -54.99 dBm
Peak Frequency: 5726.357421875 MHz
Position X: None
Position Y: None
Channel: None
Potential Channels: []
2024-04-26 16:59:53,175 - INFO - Signal ID: 50
Start Frequency: 5723.935546875 MHz
End Frequency: 5723.96484375 MHz
Bandwidth: 0.0 MHz
Peak Power: -41.83 dBm
Peak Frequency: 5723.9453125 MHz
Position X: None
Position Y: None
Channel: None
Potential Channels: []
2024-04-26 16:59:53,180 - INFO - Signal ID: 51
Start Frequency: 5726.1328125 MHz
End Frequency: 5726.15234375 MHz
Bandwidth: 0.0 MHz
Peak Power: -44.47 dBm
Peak Frequency: 5726.1328125 MHz
Position X: None
Position Y: None
Channel: None
Potential Channels: []
2024-04-26 16:59:54,190 - INFO - Signal ID: 52
Start Frequency: 5723.935546875 MHz
End Frequency: 5723.955078125 MHz
Bandwidth: 0.0 MHz
Peak Power: -33.19 dBm
Peak Frequency: 5723.935546875 MHz
Position X: None
Position Y: None
Channel: None
Potential Channels: []
2024-04-26 16:59:54,459 - INFO - Signal ID: 53
Start Frequency: 5723.935546875 MHz
End Frequency: 5723.96484375 MHz
Bandwidth: 0.0 MHz
Peak Power: -32.13 dBm
Peak Frequency: 5723.935546875 MHz
Position X: None
Position Y: None
Channel: None
Potential Channels: []
2024-04-26 16:59:54,694 - INFO - Signal ID: 54
Start Frequency: 5723.935546875 MHz
End Frequency: 5723.955078125 MHz
Bandwidth: 0.0 MHz
Peak Power: -32.7 dBm
Peak Frequency: 5723.9453125 MHz
Position X: None
Position Y: None
Channel: None
Potential Channels: []
2024-04-26 16:59:54,925 - INFO - Signal ID: 55
Start Frequency: 5723.935546875 MHz
End Frequency: 5723.9453125 MHz
Bandwidth: 0.0 MHz
Peak Power: -34.97 dBm
Peak Frequency: 5723.935546875 MHz
Position X: None
Position Y: None
Channel: None
Potential Channels: []
2024-04-26 16:59:55,191 - INFO - Signal ID: 56
Start Frequency: 5723.935546875 MHz
End Frequency: 5723.9453125 MHz
Bandwidth: 0.0 MHz
Peak Power: -35.0 dBm
Peak Frequency: 5723.935546875 MHz
Position X: None
Position Y: None
Channel: None
Potential Channels: []
2024-04-26 16:59:55,447 - INFO - Signal ID: 57
Start Frequency: 5723.935546875 MHz
End Frequency: 5723.955078125 MHz
Bandwidth: 0.0 MHz
Peak Power: -33.27 dBm
Peak Frequency: 5723.9453125 MHz
Position X: None
Position Y: None
Channel: None
Potential Channels: []
2024-04-26 16:59:55,694 - INFO - Signal ID: 58
Start Frequency: 5723.9453125 MHz
End Frequency: 5723.955078125 MHz
Bandwidth: 0.0 MHz
Peak Power: -34.42 dBm
Peak Frequency: 5723.9453125 MHz
Position X: None
Position Y: None
Channel: None
Potential Channels: []
2024-04-26 16:59:55,857 - INFO - Signal ID: 59
Start Frequency: 5723.9453125 MHz
End Frequency: 5723.955078125 MHz
Bandwidth: 0.0 MHz
Peak Power: -34.4 dBm
Peak Frequency: 5723.9453125 MHz
Position X: None
Position Y: None
Channel: None
Potential Channels: []
2024-04-26 16:59:56,140 - INFO - Signal ID: 60
Start Frequency: 5723.935546875 MHz
End Frequency: 5723.96484375 MHz
Bandwidth: 0.0 MHz
Peak Power: -33.16 dBm
Peak Frequency: 5723.9453125 MHz
Position X: None
Position Y: None
Channel: None
Potential Channels: []
2024-04-26 16:59:56,644 - INFO - Signal ID: 61
Start Frequency: 5723.9453125 MHz
End Frequency: 5723.955078125 MHz
Bandwidth: 0.0 MHz
Peak Power: -34.32 dBm
Peak Frequency: 5723.9453125 MHz
Position X: None
Position Y: None
Channel: None
Potential Channels: []
2024-04-26 16:59:57,613 - INFO - Signal ID: 62
Start Frequency: 5723.935546875 MHz
End Frequency: 5723.974609375 MHz
Bandwidth: 0.0 MHz
Peak Power: -44.77 dBm
Peak Frequency: 5723.955078125 MHz
Position X: None
Position Y: None
Channel: None
Potential Channels: []
2024-04-26 16:59:57,613 - INFO - Signal ID: 63
Start Frequency: 5724.560546875 MHz
End Frequency: 5724.619140625 MHz
Bandwidth: 0.0 MHz
Peak Power: -47.45 dBm
Peak Frequency: 5724.580078125 MHz
Position X: None
Position Y: None
Channel: None
Potential Channels: []
2024-04-26 16:59:57,613 - INFO - Signal ID: 64
Start Frequency: 5725.41015625 MHz
End Frequency: 5725.556640625 MHz
Bandwidth: 0.0 MHz
Peak Power: -45.72 dBm
Peak Frequency: 5725.517578125 MHz
Position X: None
Position Y: None
Channel: None
Potential Channels: []
2024-04-26 16:59:57,613 - INFO - Signal ID: 65
Start Frequency: 5726.015625 MHz
End Frequency: 5726.240234375 MHz
Bandwidth: 0.0 MHz
Peak Power: -46.09 dBm
Peak Frequency: 5726.123046875 MHz
Position X: None
Position Y: None
Channel: None
Potential Channels: []
2024-04-26 16:59:58,022 - INFO - Signal ID: 66
Start Frequency: 5723.994140625 MHz
End Frequency: 5724.052734375 MHz
Bandwidth: 0.0 MHz
Peak Power: -44.18 dBm
Peak Frequency: 5724.013671875 MHz
Position X: None
Position Y: None
Channel: None
Potential Channels: []
2024-04-26 16:59:58,022 - INFO - Signal ID: 67
Start Frequency: 5725.517578125 MHz
End Frequency: 5725.56640625 MHz
Bandwidth: 0.0 MHz
Peak Power: -48.97 dBm
Peak Frequency: 5725.546875 MHz
Position X: 1239
Position Y: 1001
Channel: None
Potential Channels: []
2024-04-26 16:59:58,928 - INFO - Signal ID: 68
Start Frequency: 5723.8671875 MHz
End Frequency: 5723.90625 MHz
Bandwidth: 0.0 MHz
Peak Power: -44.45 dBm
Peak Frequency: 5723.876953125 MHz
Position X: None
Position Y: None
Channel: None
Potential Channels: []
2024-04-26 16:59:58,928 - INFO - Signal ID: 69
Start Frequency: 5725.37109375 MHz
End Frequency: 5725.380859375 MHz
Bandwidth: 0.0 MHz
Peak Power: -47.2 dBm
Peak Frequency: 5725.37109375 MHz
Position X: 1264
Position Y: 1001
Channel: None
Potential Channels: []
2024-04-26 16:59:58,928 - INFO - Signal ID: 70
Start Frequency: 5726.259765625 MHz
End Frequency: 5726.50390625 MHz
Bandwidth: 0.0 MHz
Peak Power: -44.61 dBm
Peak Frequency: 5726.38671875 MHz
Position X: 1264
Position Y: 1001
Channel: None
Potential Channels: []
2024-04-26 16:59:59,082 - INFO - Signal ID: 71
Start Frequency: 5723.916015625 MHz
End Frequency: 5723.935546875 MHz
Bandwidth: 0.0 MHz
Peak Power: -54.69 dBm
Peak Frequency: 5723.916015625 MHz
Position X: None
Position Y: None
Channel: None
Potential Channels: []
2024-04-26 16:59:59,083 - INFO - Signal ID: 72
Start Frequency: 5725.283203125 MHz
End Frequency: 5725.29296875 MHz
Bandwidth: 0.0 MHz
Peak Power: -54.97 dBm
Peak Frequency: 5725.283203125 MHz
Position X: None
Position Y: None
Channel: None
Potential Channels: []
2024-04-26 16:59:59,083 - INFO - Signal ID: 73
Start Frequency: 5726.23046875 MHz
End Frequency: 5726.34765625 MHz
Bandwidth: 0.0 MHz
Peak Power: -54.19 dBm
Peak Frequency: 5726.25 MHz
Position X: None
Position Y: None
Channel: None
Potential Channels: []
2024-04-26 16:59:59,237 - INFO - Signal ID: 74
Start Frequency: 5722.734375 MHz
End Frequency: 5722.890625 MHz
Bandwidth: 0.0 MHz
Peak Power: -52.75 dBm
Peak Frequency: 5722.783203125 MHz
Position X: 1279
Position Y: 1001
Channel: None
Potential Channels: []
2024-04-26 16:59:59,237 - INFO - Signal ID: 75
Start Frequency: 5723.935546875 MHz
End Frequency: 5724.00390625 MHz
Bandwidth: 0.0 MHz
Peak Power: -50.78 dBm
Peak Frequency: 5723.955078125 MHz
Position X: None
Position Y: None
Channel: None
Potential Channels: []
2024-04-26 16:59:59,401 - INFO - Signal ID: 76
Start Frequency: 5723.9453125 MHz
End Frequency: 5724.00390625 MHz
Bandwidth: 0.0 MHz
Peak Power: -42.9 dBm
Peak Frequency: 5723.96484375 MHz
Position X: None
Position Y: None
Channel: None
Potential Channels: []
2024-04-26 16:59:59,401 - INFO - Signal ID: 77
Start Frequency: 5726.328125 MHz
End Frequency: 5726.34765625 MHz
Bandwidth: 0.0 MHz
Peak Power: -45.52 dBm
Peak Frequency: 5726.337890625 MHz
Position X: 1285
Position Y: 1001
Channel: None
Potential Channels: []
2024-04-26 16:59:59,858 - INFO - Signal ID: 78
Start Frequency: 5723.857421875 MHz
End Frequency: 5723.88671875 MHz
Bandwidth: 0.0 MHz
Peak Power: -42.72 dBm
Peak Frequency: 5723.857421875 MHz
Position X: None
Position Y: None
Channel: None
Potential Channels: []
2024-04-26 17:00:00,318 - INFO - Signal ID: 79
Start Frequency: 5724.12109375 MHz
End Frequency: 5724.169921875 MHz
Bandwidth: 0.0 MHz
Peak Power: -40.36 dBm
Peak Frequency: 5724.140625 MHz
Position X: 1328
Position Y: 1001
Channel: None
Potential Channels: []
2024-04-26 17:00:00,470 - INFO - Signal ID: 80
Start Frequency: 5724.140625 MHz
End Frequency: 5724.150390625 MHz
Bandwidth: 0.0 MHz
Peak Power: -34.73 dBm
Peak Frequency: 5724.140625 MHz
Position X: None
Position Y: None
Channel: None
Potential Channels: []
2024-04-26 17:00:00,744 - INFO - Signal ID: 81
Start Frequency: 5724.08203125 MHz
End Frequency: 5724.111328125 MHz
Bandwidth: 0.0 MHz
Peak Power: -31.92 dBm
Peak Frequency: 5724.091796875 MHz
Position X: None
Position Y: None
Channel: None
Potential Channels: []
2024-04-26 17:00:01,260 - INFO - Signal ID: 82
Start Frequency: 5723.994140625 MHz
End Frequency: 5724.00390625 MHz
Bandwidth: 0.0 MHz
Peak Power: -33.15 dBm
Peak Frequency: 5723.994140625 MHz
Position X: None
Position Y: None
Channel: None
Potential Channels: []
2024-04-26 17:00:01,509 - INFO - Signal ID: 83
Start Frequency: 5723.984375 MHz
End Frequency: 5724.00390625 MHz
Bandwidth: 0.0 MHz
Peak Power: -34.73 dBm
Peak Frequency: 5723.994140625 MHz
Position X: None
Position Y: None
Channel: None
Potential Channels: []
2024-04-26 17:00:02,006 - INFO - Signal ID: 84
Start Frequency: 5723.994140625 MHz
End Frequency: 5724.0234375 MHz
Bandwidth: 0.0 MHz
Peak Power: -51.74 dBm
Peak Frequency: 5724.00390625 MHz
Position X: None
Position Y: None
Channel: None
Potential Channels: []
2024-04-26 17:00:02,267 - INFO - Signal ID: 85
Start Frequency: 5722.79296875 MHz
End Frequency: 5722.802734375 MHz
Bandwidth: 0.0 MHz
Peak Power: -51.44 dBm
Peak Frequency: 5722.79296875 MHz
Position X: None
Position Y: None
Channel: None
Potential Channels: []
2024-04-26 17:00:02,267 - INFO - Signal ID: 86
Start Frequency: 5722.822265625 MHz
End Frequency: 5722.83203125 MHz
Bandwidth: 0.0 MHz
Peak Power: -51.57 dBm
Peak Frequency: 5722.822265625 MHz
Position X: None
Position Y: None
Channel: None
Potential Channels: []
2024-04-26 17:00:02,268 - INFO - Signal ID: 87
Start Frequency: 5723.974609375 MHz
End Frequency: 5724.0234375 MHz
Bandwidth: 0.0 MHz
Peak Power: -44.78 dBm
Peak Frequency: 5723.994140625 MHz
Position X: None
Position Y: None
Channel: None
Potential Channels: []
2024-04-26 17:00:02,268 - INFO - Signal ID: 88
Start Frequency: 5725.5078125 MHz
End Frequency: 5725.52734375 MHz
Bandwidth: 0.0 MHz
Peak Power: -51.69 dBm
Peak Frequency: 5725.517578125 MHz
Position X: None
Position Y: None
Channel: None
Potential Channels: []
2024-04-26 17:00:02,268 - INFO - Signal ID: 89
Start Frequency: 5725.546875 MHz
End Frequency: 5725.5859375 MHz
Bandwidth: 0.0 MHz
Peak Power: -51.4 dBm
Peak Frequency: 5725.556640625 MHz
Position X: None
Position Y: None
Channel: None
Potential Channels: []
2024-04-26 17:00:02,684 - INFO - Signal ID: 90
Start Frequency: 5723.974609375 MHz
End Frequency: 5724.033203125 MHz
Bandwidth: 0.0 MHz
Peak Power: -44.86 dBm
Peak Frequency: 5724.00390625 MHz
Position X: None
Position Y: None
Channel: None
Potential Channels: []
2024-04-26 17:00:02,684 - INFO - Signal ID: 91
Start Frequency: 5725.380859375 MHz
End Frequency: 5725.44921875 MHz
Bandwidth: 0.0 MHz
Peak Power: -51.6 dBm
Peak Frequency: 5725.419921875 MHz
Position X: None
Position Y: None
Channel: None
Potential Channels: []
2024-04-26 17:00:02,684 - INFO - Signal ID: 92
Start Frequency: 5725.46875 MHz
End Frequency: 5726.03515625 MHz
Bandwidth: 0.0 MHz
Peak Power: -49.72 dBm
Peak Frequency: 5725.556640625 MHz
Position X: 1360
Position Y: 1001
Channel: None
Potential Channels: []
2024-04-26 17:00:02,684 - INFO - Signal ID: 93
Start Frequency: 5726.07421875 MHz
End Frequency: 5726.123046875 MHz
Bandwidth: 0.0 MHz
Peak Power: -51.31 dBm
Peak Frequency: 5726.09375 MHz
Position X: 1360
Position Y: 1001
Channel: None
Potential Channels: []
2024-04-26 17:00:02,684 - INFO - Signal ID: 94
Start Frequency: 5726.142578125 MHz
End Frequency: 5726.162109375 MHz
Bandwidth: 0.0 MHz
Peak Power: -52.16 dBm
Peak Frequency: 5726.15234375 MHz
Position X: None
Position Y: None
Channel: None
Potential Channels: []
2024-04-26 17:00:02,942 - INFO - Signal ID: 95
Start Frequency: 5724.00390625 MHz
End Frequency: 5724.04296875 MHz
Bandwidth: 0.0 MHz
Peak Power: -43.77 dBm
Peak Frequency: 5724.0234375 MHz
Position X: None
Position Y: None
Channel: None
Potential Channels: []
2024-04-26 17:00:02,942 - INFO - Signal ID: 96
Start Frequency: 5725.46875 MHz
End Frequency: 5725.60546875 MHz
Bandwidth: 0.0 MHz
Peak Power: -47.55 dBm
Peak Frequency: 5725.546875 MHz
Position X: None
Position Y: None
Channel: None
Potential Channels: []
2024-04-26 17:00:02,942 - INFO - Signal ID: 97
Start Frequency: 5725.7421875 MHz
End Frequency: 5725.771484375 MHz
Bandwidth: 0.0 MHz
Peak Power: -49.24 dBm
Peak Frequency: 5725.751953125 MHz
Position X: None
Position Y: None
Channel: None
Potential Channels: []
2024-04-26 17:00:02,942 - INFO - Signal ID: 98
Start Frequency: 5725.80078125 MHz
End Frequency: 5725.859375 MHz
Bandwidth: 0.0 MHz
Peak Power: -49.07 dBm
Peak Frequency: 5725.810546875 MHz
Position X: None
Position Y: None
Channel: None
Potential Channels: []
2024-04-26 17:00:02,942 - INFO - Signal ID: 99
Start Frequency: 5725.87890625 MHz
End Frequency: 5725.91796875 MHz
Bandwidth: 0.0 MHz
Peak Power: -49.35 dBm
Peak Frequency: 5725.908203125 MHz
Position X: None
Position Y: None
Channel: None
Potential Channels: []
2024-04-26 17:00:02,943 - INFO - Signal ID: 100
Start Frequency: 5725.9765625 MHz
End Frequency: 5726.005859375 MHz
Bandwidth: 0.0 MHz
Peak Power: -48.8 dBm
Peak Frequency: 5725.986328125 MHz
Position X: None
Position Y: None
Channel: None
Potential Channels: []
2024-04-26 17:00:03,209 - INFO - Signal ID: 101
Start Frequency: 5724.00390625 MHz
End Frequency: 5724.052734375 MHz
Bandwidth: 0.0 MHz
Peak Power: -49.92 dBm
Peak Frequency: 5724.0234375 MHz
Position X: None
Position Y: None
Channel: None
Potential Channels: []
2024-04-26 17:00:03,209 - INFO - Signal ID: 102
Start Frequency: 5725.302734375 MHz
End Frequency: 5725.3125 MHz
Bandwidth: 0.0 MHz
Peak Power: -54.74 dBm
Peak Frequency: 5725.302734375 MHz
Position X: None
Position Y: None
Channel: None
Potential Channels: []
2024-04-26 17:00:03,209 - INFO - Signal ID: 103
Start Frequency: 5725.33203125 MHz
End Frequency: 5725.3515625 MHz
Bandwidth: 0.0 MHz
Peak Power: -54.88 dBm
Peak Frequency: 5725.33203125 MHz
Position X: None
Position Y: None
Channel: None
Potential Channels: []
2024-04-26 17:00:03,209 - INFO - Signal ID: 104
Start Frequency: 5725.37109375 MHz
End Frequency: 5726.171875 MHz
Bandwidth: 0.0 MHz
Peak Power: -51.87 dBm
Peak Frequency: 5725.56640625 MHz
Position X: None
Position Y: None
Channel: None
Potential Channels: []
2024-04-26 17:00:03,209 - INFO - Signal ID: 105
Start Frequency: 5726.19140625 MHz
End Frequency: 5726.2109375 MHz
Bandwidth: 0.0 MHz
Peak Power: -54.69 dBm
Peak Frequency: 5726.201171875 MHz
Position X: None
Position Y: None
Channel: None
Potential Channels: []
2024-04-26 17:00:03,725 - INFO - Signal ID: 106
Start Frequency: 5722.822265625 MHz
End Frequency: 5722.958984375 MHz
Bandwidth: 0.0 MHz
Peak Power: -51.94 dBm
Peak Frequency: 5722.8515625 MHz
Position X: None
Position Y: None
Channel: None
Potential Channels: []
2024-04-26 17:00:03,725 - INFO - Signal ID: 107
Start Frequency: 5724.00390625 MHz
End Frequency: 5724.052734375 MHz
Bandwidth: 0.0 MHz
Peak Power: -46.82 dBm
Peak Frequency: 5724.033203125 MHz
Position X: None
Position Y: None
Channel: None
Potential Channels: []
2024-04-26 17:00:03,968 - INFO - Signal ID: 108
Start Frequency: 5722.8125 MHz
End Frequency: 5722.822265625 MHz
Bandwidth: 0.0 MHz
Peak Power: -54.3 dBm
Peak Frequency: 5722.8125 MHz
Position X: None
Position Y: None
Channel: None
Potential Channels: []
2024-04-26 17:00:03,968 - INFO - Signal ID: 109
Start Frequency: 5722.841796875 MHz
End Frequency: 5722.94921875 MHz
Bandwidth: 0.0 MHz
Peak Power: -53.97 dBm
Peak Frequency: 5722.841796875 MHz
Position X: None
Position Y: None
Channel: None
Potential Channels: []
2024-04-26 17:00:03,968 - INFO - Signal ID: 110
Start Frequency: 5723.994140625 MHz
End Frequency: 5724.04296875 MHz
Bandwidth: 0.0 MHz
Peak Power: -49.24 dBm
Peak Frequency: 5724.0234375 MHz
Position X: None
Position Y: None
Channel: None
Potential Channels: []
2024-04-26 17:00:04,221 - INFO - Signal ID: 111
Start Frequency: 5724.013671875 MHz
End Frequency: 5724.033203125 MHz
Bandwidth: 0.0 MHz
Peak Power: -51.72 dBm
Peak Frequency: 5724.0234375 MHz
Position X: None
Position Y: None
Channel: None
Potential Channels: []
2024-04-26 17:00:04,458 - INFO - Signal ID: 112
Start Frequency: 5723.994140625 MHz
End Frequency: 5724.013671875 MHz
Bandwidth: 0.0 MHz
Peak Power: -38.69 dBm
Peak Frequency: 5723.994140625 MHz
Position X: None
Position Y: None
Channel: None
Potential Channels: []
2024-04-26 17:00:04,706 - INFO - Signal ID: 113
Start Frequency: 5723.916015625 MHz
End Frequency: 5723.955078125 MHz
Bandwidth: 0.0 MHz
Peak Power: -42.36 dBm
Peak Frequency: 5723.935546875 MHz
Position X: None
Position Y: None
Channel: None
Potential Channels: []
2024-04-26 17:00:04,857 - INFO - Signal ID: 114
Start Frequency: 5722.71484375 MHz
End Frequency: 5722.724609375 MHz
Bandwidth: 0.0 MHz
Peak Power: -54.98 dBm
Peak Frequency: 5722.71484375 MHz
Position X: 1365
Position Y: 1003
Channel: None
Potential Channels: []
2024-04-26 17:00:04,858 - INFO - Signal ID: 115
Start Frequency: 5722.7734375 MHz
End Frequency: 5722.783203125 MHz
Bandwidth: 0.0 MHz
Peak Power: -54.93 dBm
Peak Frequency: 5722.7734375 MHz
Position X: None
Position Y: None
Channel: None
Potential Channels: []
2024-04-26 17:00:04,858 - INFO - Signal ID: 116
Start Frequency: 5722.802734375 MHz
End Frequency: 5722.8125 MHz
Bandwidth: 0.0 MHz
Peak Power: -54.85 dBm
Peak Frequency: 5722.802734375 MHz
Position X: None
Position Y: None
Channel: None
Potential Channels: []
2024-04-26 17:00:04,858 - INFO - Signal ID: 117
Start Frequency: 5723.896484375 MHz
End Frequency: 5723.9453125 MHz
Bandwidth: 0.0 MHz
Peak Power: -48.75 dBm
Peak Frequency: 5723.916015625 MHz
Position X: None
Position Y: None
Channel: None
Potential Channels: []
2024-04-26 17:00:04,858 - INFO - Signal ID: 118
Start Frequency: 5725.654296875 MHz
End Frequency: 5725.68359375 MHz
Bandwidth: 0.0 MHz
Peak Power: -54.31 dBm
Peak Frequency: 5725.6640625 MHz
Position X: None
Position Y: None
Channel: None
Potential Channels: []
2024-04-26 17:00:05,129 - INFO - Signal ID: 119
Start Frequency: 5723.876953125 MHz
End Frequency: 5723.90625 MHz
Bandwidth: 0.0 MHz
Peak Power: -40.42 dBm
Peak Frequency: 5723.88671875 MHz
Position X: None
Position Y: None
Channel: None
Potential Channels: []
2024-04-26 17:00:05,398 - INFO - Signal ID: 120
Start Frequency: 5723.896484375 MHz
End Frequency: 5723.90625 MHz
Bandwidth: 0.0 MHz
Peak Power: -34.23 dBm
Peak Frequency: 5723.896484375 MHz
Position X: None
Position Y: None
Channel: None
Potential Channels: []
2024-04-26 17:00:06,149 - INFO - Signal ID: 121
Start Frequency: 5723.90625 MHz
End Frequency: 5723.92578125 MHz
Bandwidth: 0.0 MHz
Peak Power: -32.96 dBm
Peak Frequency: 5723.916015625 MHz
Position X: None
Position Y: None
Channel: None
Potential Channels: []
2024-04-26 17:00:06,640 - INFO - Signal ID: 122
Start Frequency: 5723.88671875 MHz
End Frequency: 5723.916015625 MHz
Bandwidth: 0.0 MHz
Peak Power: -31.11 dBm
Peak Frequency: 5723.896484375 MHz
Position X: None
Position Y: None
Channel: None
Potential Channels: []
2024-04-26 17:00:06,889 - INFO - Signal ID: 123
Start Frequency: 5723.8671875 MHz
End Frequency: 5723.916015625 MHz
Bandwidth: 0.0 MHz
Peak Power: -27.47 dBm
Peak Frequency: 5723.88671875 MHz
Position X: None
Position Y: None
Channel: None
Potential Channels: []
2024-04-26 17:00:06,889 - INFO - Signal ID: 124
Start Frequency: 5725.595703125 MHz
End Frequency: 5725.60546875 MHz
Bandwidth: 0.0 MHz
Peak Power: -34.93 dBm
Peak Frequency: 5725.595703125 MHz
Position X: None
Position Y: None
Channel: None
Potential Channels: []
2024-04-26 17:00:07,139 - INFO - Signal ID: 125
Start Frequency: 5723.8671875 MHz
End Frequency: 5723.916015625 MHz
Bandwidth: 0.0 MHz
Peak Power: -28.22 dBm
Peak Frequency: 5723.88671875 MHz
Position X: None
Position Y: None
Channel: None
Potential Channels: []
2024-04-26 17:00:07,139 - INFO - Signal ID: 126
Start Frequency: 5725.498046875 MHz
End Frequency: 5725.517578125 MHz
Bandwidth: 0.0 MHz
Peak Power: -34.68 dBm
Peak Frequency: 5725.498046875 MHz
Position X: None
Position Y: None
Channel: None
Potential Channels: []
2024-04-26 17:00:07,139 - INFO - Signal ID: 127
Start Frequency: 5725.5859375 MHz
End Frequency: 5725.72265625 MHz
Bandwidth: 0.0 MHz
Peak Power: -33.69 dBm
Peak Frequency: 5725.673828125 MHz
Position X: None
Position Y: None
Channel: None
Potential Channels: []
2024-04-26 17:00:07,389 - INFO - Signal ID: 128
Start Frequency: 5723.837890625 MHz
End Frequency: 5723.8671875 MHz
Bandwidth: 0.0 MHz
Peak Power: -30.8 dBm
Peak Frequency: 5723.84765625 MHz
Position X: None
Position Y: None
Channel: None
Potential Channels: []
2024-04-26 17:00:07,657 - INFO - Signal ID: 129
Start Frequency: 5723.818359375 MHz
End Frequency: 5723.8671875 MHz
Bandwidth: 0.0 MHz
Peak Power: -40.19 dBm
Peak Frequency: 5723.837890625 MHz
Position X: None
Position Y: None
Channel: None
Potential Channels: []
2024-04-26 17:00:07,893 - INFO - Signal ID: 130
Start Frequency: 5722.568359375 MHz
End Frequency: 5722.59765625 MHz
Bandwidth: 0.0 MHz
Peak Power: -51.96 dBm
Peak Frequency: 5722.578125 MHz
Position X: None
Position Y: None
Channel: None
Potential Channels: []
2024-04-26 17:00:07,893 - INFO - Signal ID: 131
Start Frequency: 5722.63671875 MHz
End Frequency: 5722.646484375 MHz
Bandwidth: 0.0 MHz
Peak Power: -52.89 dBm
Peak Frequency: 5722.63671875 MHz
Position X: None
Position Y: None
Channel: None
Potential Channels: []
2024-04-26 17:00:07,893 - INFO - Signal ID: 132
Start Frequency: 5723.759765625 MHz
End Frequency: 5723.828125 MHz
Bandwidth: 0.0 MHz
Peak Power: -46.67 dBm
Peak Frequency: 5723.7890625 MHz
Position X: None
Position Y: None
Channel: None
Potential Channels: []
2024-04-26 17:00:07,893 - INFO - Signal ID: 133
Start Frequency: 5725.234375 MHz
End Frequency: 5725.5078125 MHz
Bandwidth: 0.0 MHz
Peak Power: -51.2 dBm
Peak Frequency: 5725.400390625 MHz
Position X: None
Position Y: None
Channel: None
Potential Channels: []
2024-04-26 17:00:07,893 - INFO - Signal ID: 134
Start Frequency: 5725.595703125 MHz
End Frequency: 5725.615234375 MHz
Bandwidth: 0.0 MHz
Peak Power: -52.89 dBm
Peak Frequency: 5725.595703125 MHz
Position X: None
Position Y: None
Channel: None
Potential Channels: []
2024-04-26 17:00:08,905 - INFO - Signal ID: 135
Start Frequency: 5722.96875 MHz
End Frequency: 5722.98828125 MHz
Bandwidth: 0.0 MHz
Peak Power: -52.56 dBm
Peak Frequency: 5722.96875 MHz
Position X: None
Position Y: None
Channel: None
Potential Channels: []
2024-04-26 17:00:08,905 - INFO - Signal ID: 136
Start Frequency: 5723.0078125 MHz
End Frequency: 5723.017578125 MHz
Bandwidth: 0.0 MHz
Peak Power: -53.23 dBm
Peak Frequency: 5723.0078125 MHz
Position X: None
Position Y: None
Channel: None
Potential Channels: []
2024-04-26 17:00:08,905 - INFO - Signal ID: 137
Start Frequency: 5724.130859375 MHz
End Frequency: 5724.21875 MHz
Bandwidth: 0.0 MHz
Peak Power: -48.75 dBm
Peak Frequency: 5724.189453125 MHz
Position X: None
Position Y: None
Channel: None
Potential Channels: []
2024-04-26 17:00:09,677 - INFO - Signal ID: 138
Start Frequency: 5723.896484375 MHz
End Frequency: 5723.935546875 MHz
Bandwidth: 0.0 MHz
Peak Power: -44.69 dBm
Peak Frequency: 5723.90625 MHz
Position X: None
Position Y: None
Channel: None
Potential Channels: []
2024-04-26 17:00:09,932 - INFO - Signal ID: 139
Start Frequency: 5723.9453125 MHz
End Frequency: 5723.984375 MHz
Bandwidth: 0.0 MHz
Peak Power: -40.19 dBm
Peak Frequency: 5723.955078125 MHz
Position X: None
Position Y: None
Channel: None
Potential Channels: []
2024-04-26 17:00:10,180 - INFO - Signal ID: 140
Start Frequency: 5723.935546875 MHz
End Frequency: 5723.994140625 MHz
Bandwidth: 0.0 MHz
Peak Power: -42.91 dBm
Peak Frequency: 5723.955078125 MHz
Position X: None
Position Y: None
Channel: None
Potential Channels: []
2024-04-26 17:00:10,180 - INFO - Signal ID: 141
Start Frequency: 5725.322265625 MHz
End Frequency: 5725.341796875 MHz
Bandwidth: 0.0 MHz
Peak Power: -46.78 dBm
Peak Frequency: 5725.322265625 MHz
Position X: None
Position Y: None
Channel: None
Potential Channels: []
2024-04-26 17:00:10,936 - INFO - Signal ID: 142
Start Frequency: 5723.896484375 MHz
End Frequency: 5723.9453125 MHz
Bandwidth: 0.0 MHz
Peak Power: -32.76 dBm
Peak Frequency: 5723.916015625 MHz
Position X: None
Position Y: None
Channel: None
Potential Channels: []
2024-04-26 17:00:11,091 - INFO - Signal ID: 143
Start Frequency: 5723.88671875 MHz
End Frequency: 5723.92578125 MHz
Bandwidth: 0.0 MHz
Peak Power: -32.19 dBm
Peak Frequency: 5723.896484375 MHz
Position X: None
Position Y: None
Channel: None
Potential Channels: []
2024-04-26 17:00:11,359 - INFO - Signal ID: 144
Start Frequency: 5723.8671875 MHz
End Frequency: 5723.916015625 MHz
Bandwidth: 0.0 MHz
Peak Power: -33.18 dBm
Peak Frequency: 5723.876953125 MHz
Position X: None
Position Y: None
Channel: None
Potential Channels: []
2024-04-26 17:00:11,613 - INFO - Signal ID: 145
Start Frequency: 5723.88671875 MHz
End Frequency: 5723.935546875 MHz
Bandwidth: 0.0 MHz
Peak Power: -32.12 dBm
Peak Frequency: 5723.896484375 MHz
Position X: None
Position Y: None
Channel: None
Potential Channels: []
2024-04-26 17:00:11,866 - INFO - Signal ID: 146
Start Frequency: 5723.896484375 MHz
End Frequency: 5723.916015625 MHz
Bandwidth: 0.0 MHz
Peak Power: -34.49 dBm
Peak Frequency: 5723.90625 MHz
Position X: None
Position Y: None
Channel: None
Potential Channels: []
2024-04-26 17:00:12,125 - INFO - Signal ID: 147
Start Frequency: 5723.916015625 MHz
End Frequency: 5723.955078125 MHz
Bandwidth: 0.0 MHz
Peak Power: -34.14 dBm
Peak Frequency: 5723.92578125 MHz
Position X: None
Position Y: None
Channel: None
Potential Channels: []
2024-04-26 17:00:12,394 - INFO - Signal ID: 148
Start Frequency: 5722.65625 MHz
End Frequency: 5722.8515625 MHz
Bandwidth: 0.0 MHz
Peak Power: -32.03 dBm
Peak Frequency: 5722.6953125 MHz
Position X: None
Position Y: None
Channel: None
Potential Channels: []
2024-04-26 17:00:12,394 - INFO - Signal ID: 149
Start Frequency: 5723.837890625 MHz
End Frequency: 5724.052734375 MHz
Bandwidth: 0.0 MHz
Peak Power: -25.24 dBm
Peak Frequency: 5723.90625 MHz
Position X: None
Position Y: None
Channel: None
Potential Channels: []
2024-04-26 17:00:12,394 - INFO - Signal ID: 150
Start Frequency: 5724.580078125 MHz
End Frequency: 5726.30859375 MHz
Bandwidth: 0.0 MHz
Peak Power: 21.6 dBm
Peak Frequency: 5725.0 MHz
Position X: None
Position Y: None
Channel: None
Potential Channels: []
2024-04-26 17:00:12,394 - INFO - Signal ID: 151
Start Frequency: 5726.328125 MHz
End Frequency: 5726.357421875 MHz
Bandwidth: 0.0 MHz
Peak Power: -34.87 dBm
Peak Frequency: 5726.337890625 MHz
Position X: None
Position Y: None
Channel: None
Potential Channels: []
2024-04-26 17:00:12,394 - INFO - Signal ID: 152
Start Frequency: 5726.396484375 MHz
End Frequency: 5726.42578125 MHz
Bandwidth: 0.0 MHz
Peak Power: -34.68 dBm
Peak Frequency: 5726.40625 MHz
Position X: None
Position Y: None
Channel: None
Potential Channels: []
2024-04-26 17:00:12,394 - INFO - Signal ID: 153
Start Frequency: 5726.4453125 MHz
End Frequency: 5726.494140625 MHz
Bandwidth: 0.0 MHz
Peak Power: -34.43 dBm
Peak Frequency: 5726.46484375 MHz
Position X: None
Position Y: None
Channel: None
Potential Channels: []
2024-04-26 17:00:12,394 - INFO - Signal ID: 154
Start Frequency: 5726.513671875 MHz
End Frequency: 5726.5234375 MHz
Bandwidth: 0.0 MHz
Peak Power: -35.0 dBm
Peak Frequency: 5726.513671875 MHz
Position X: None
Position Y: None
Channel: None
Potential Channels: []
2024-04-26 17:00:12,394 - INFO - Signal ID: 155
Start Frequency: 5726.54296875 MHz
End Frequency: 5726.689453125 MHz
Bandwidth: 0.0 MHz
Peak Power: -34.34 dBm
Peak Frequency: 5726.591796875 MHz
Position X: None
Position Y: None
Channel: None
Potential Channels: []
2024-04-26 17:00:12,395 - INFO - Signal ID: 156
Start Frequency: 5726.884765625 MHz
End Frequency: 5726.9140625 MHz
Bandwidth: 0.0 MHz
Peak Power: -34.86 dBm
Peak Frequency: 5726.904296875 MHz
Position X: None
Position Y: None
Channel: None
Potential Channels: []
2024-04-26 17:00:12,670 - INFO - Signal ID: 157
Start Frequency: 5722.705078125 MHz
End Frequency: 5722.900390625 MHz
Bandwidth: 0.0 MHz
Peak Power: -31.56 dBm
Peak Frequency: 5722.744140625 MHz
Position X: None
Position Y: None
Channel: None
Potential Channels: []
2024-04-26 17:00:12,670 - INFO - Signal ID: 158
Start Frequency: 5723.876953125 MHz
End Frequency: 5724.111328125 MHz
Bandwidth: 0.0 MHz
Peak Power: -25.08 dBm
Peak Frequency: 5723.96484375 MHz
Position X: None
Position Y: None
Channel: None
Potential Channels: []
2024-04-26 17:00:12,670 - INFO - Signal ID: 159
Start Frequency: 5724.443359375 MHz
End Frequency: 5724.482421875 MHz
Bandwidth: 0.0 MHz
Peak Power: -34.36 dBm
Peak Frequency: 5724.453125 MHz
Position X: None
Position Y: None
Channel: None
Potential Channels: []
2024-04-26 17:00:12,674 - INFO - Signal ID: 160
Start Frequency: 5724.51171875 MHz
End Frequency: 5726.328125 MHz
Bandwidth: 0.0 MHz
Peak Power: 21.6 dBm
Peak Frequency: 5725.0 MHz
Position X: None
Position Y: None
Channel: None
Potential Channels: []
2024-04-26 17:00:12,674 - INFO - Signal ID: 161
Start Frequency: 5726.34765625 MHz
End Frequency: 5726.611328125 MHz
Bandwidth: 0.0 MHz
Peak Power: -32.54 dBm
Peak Frequency: 5726.4453125 MHz
Position X: None
Position Y: None
Channel: None
Potential Channels: []
2024-04-26 17:00:12,674 - INFO - Signal ID: 162
Start Frequency: 5726.9140625 MHz
End Frequency: 5727.01171875 MHz
Bandwidth: 0.0 MHz
Peak Power: -32.78 dBm
Peak Frequency: 5726.953125 MHz
Position X: None
Position Y: None
Channel: None
Potential Channels: []
2024-04-26 17:00:12,934 - INFO - Signal ID: 163
Start Frequency: 5723.9453125 MHz
End Frequency: 5724.013671875 MHz
Bandwidth: 0.0 MHz
Peak Power: -31.47 dBm
Peak Frequency: 5723.96484375 MHz
Position X: None
Position Y: None
Channel: None
Potential Channels: []
2024-04-26 17:00:13,185 - INFO - Signal ID: 164
Start Frequency: 5723.974609375 MHz
End Frequency: 5724.04296875 MHz
Bandwidth: 0.0 MHz
Peak Power: -28.66 dBm
Peak Frequency: 5724.00390625 MHz
Position X: None
Position Y: None
Channel: None
Potential Channels: []
2024-04-26 17:00:13,185 - INFO - Signal ID: 165
Start Frequency: 5724.6875 MHz
End Frequency: 5724.814453125 MHz
Bandwidth: 0.0 MHz
Peak Power: -34.09 dBm
Peak Frequency: 5724.74609375 MHz
Position X: None
Position Y: None
Channel: None
Potential Channels: []
2024-04-26 17:00:13,185 - INFO - Signal ID: 166
Start Frequency: 5724.990234375 MHz
End Frequency: 5725.17578125 MHz
Bandwidth: 0.0 MHz
Peak Power: 21.59 dBm
Peak Frequency: 5725.0 MHz
Position X: None
Position Y: None
Channel: None
Potential Channels: []
2024-04-26 17:00:13,185 - INFO - Signal ID: 167
Start Frequency: 5725.244140625 MHz
End Frequency: 5725.25390625 MHz
Bandwidth: 0.0 MHz
Peak Power: -34.99 dBm
Peak Frequency: 5725.244140625 MHz
Position X: None
Position Y: None
Channel: None
Potential Channels: []
2024-04-26 17:00:13,475 - INFO - Signal ID: 168
Start Frequency: 5724.00390625 MHz
End Frequency: 5724.08203125 MHz
Bandwidth: 0.0 MHz
Peak Power: -29.28 dBm
Peak Frequency: 5724.04296875 MHz
Position X: None
Position Y: None
Channel: None
Potential Channels: []
2024-04-26 17:00:13,475 - INFO - Signal ID: 169
Start Frequency: 5724.70703125 MHz
End Frequency: 5724.921875 MHz
Bandwidth: 0.0 MHz
Peak Power: -32.59 dBm
Peak Frequency: 5724.78515625 MHz
Position X: None
Position Y: None
Channel: None
Potential Channels: []
2024-04-26 17:00:13,476 - INFO - Signal ID: 170
Start Frequency: 5724.970703125 MHz
End Frequency: 5725.283203125 MHz
Bandwidth: 0.0 MHz
Peak Power: 21.6 dBm
Peak Frequency: 5725.0 MHz
Position X: None
Position Y: None
Channel: None
Potential Channels: []
2024-04-26 17:00:13,476 - INFO - Signal ID: 171
Start Frequency: 5725.537109375 MHz
End Frequency: 5725.6640625 MHz
Bandwidth: 0.0 MHz
Peak Power: -33.95 dBm
Peak Frequency: 5725.556640625 MHz
Position X: None
Position Y: None
Channel: None
Potential Channels: []
2024-04-26 17:00:13,476 - INFO - Signal ID: 172
Start Frequency: 5725.693359375 MHz
End Frequency: 5725.791015625 MHz
Bandwidth: 0.0 MHz
Peak Power: -34.37 dBm
Peak Frequency: 5725.712890625 MHz
Position X: None
Position Y: None
Channel: None
Potential Channels: []
2024-04-26 17:00:13,745 - INFO - Signal ID: 173
Start Frequency: 5722.8125 MHz
End Frequency: 5722.958984375 MHz
Bandwidth: 0.0 MHz
Peak Power: -32.91 dBm
Peak Frequency: 5722.822265625 MHz
Position X: None
Position Y: None
Channel: None
Potential Channels: []
2024-04-26 17:00:13,745 - INFO - Signal ID: 174
Start Frequency: 5723.994140625 MHz
End Frequency: 5724.169921875 MHz
Bandwidth: 0.0 MHz
Peak Power: -25.96 dBm
Peak Frequency: 5724.04296875 MHz
Position X: None
Position Y: None
Channel: None
Potential Channels: []
2024-04-26 17:00:13,745 - INFO - Signal ID: 175
Start Frequency: 5724.58984375 MHz
End Frequency: 5725.8984375 MHz
Bandwidth: 0.0 MHz
Peak Power: 21.6 dBm
Peak Frequency: 5725.0 MHz
Position X: None
Position Y: None
Channel: None
Potential Channels: []
2024-04-26 17:00:13,745 - INFO - Signal ID: 176
Start Frequency: 5726.064453125 MHz
End Frequency: 5726.07421875 MHz
Bandwidth: 0.0 MHz
Peak Power: -34.93 dBm
Peak Frequency: 5726.064453125 MHz
Position X: None
Position Y: None
Channel: None
Potential Channels: []
2024-04-26 17:00:13,745 - INFO - Signal ID: 177
Start Frequency: 5726.455078125 MHz
End Frequency: 5726.484375 MHz
Bandwidth: 0.0 MHz
Peak Power: -34.43 dBm
Peak Frequency: 5726.455078125 MHz
Position X: None
Position Y: None
Channel: None
Potential Channels: []
2024-04-26 17:00:13,746 - INFO - Signal ID: 178
Start Frequency: 5726.513671875 MHz
End Frequency: 5726.58203125 MHz
Bandwidth: 0.0 MHz
Peak Power: -33.33 dBm
Peak Frequency: 5726.552734375 MHz
Position X: None
Position Y: None
Channel: None
Potential Channels: []
2024-04-26 17:00:13,746 - INFO - Signal ID: 179
Start Frequency: 5726.6015625 MHz
End Frequency: 5726.69921875 MHz
Bandwidth: 0.0 MHz
Peak Power: -32.82 dBm
Peak Frequency: 5726.66015625 MHz
Position X: None
Position Y: None
Channel: None
Potential Channels: []
2024-04-26 17:00:13,746 - INFO - Signal ID: 180
Start Frequency: 5727.03125 MHz
End Frequency: 5727.041015625 MHz
Bandwidth: 0.0 MHz
Peak Power: -34.97 dBm
Peak Frequency: 5727.03125 MHz
Position X: None
Position Y: None
Channel: None
Potential Channels: []
2024-04-26 17:00:13,997 - INFO - Signal ID: 181
Start Frequency: 5722.79296875 MHz
End Frequency: 5722.802734375 MHz
Bandwidth: 0.0 MHz
Peak Power: -34.87 dBm
Peak Frequency: 5722.79296875 MHz
Position X: None
Position Y: None
Channel: None
Potential Channels: []
2024-04-26 17:00:13,997 - INFO - Signal ID: 182
Start Frequency: 5723.994140625 MHz
End Frequency: 5724.0625 MHz
Bandwidth: 0.0 MHz
Peak Power: -28.62 dBm
Peak Frequency: 5724.0234375 MHz
Position X: None
Position Y: None
Channel: None
Potential Channels: []
2024-04-26 17:00:13,997 - INFO - Signal ID: 183
Start Frequency: 5724.62890625 MHz
End Frequency: 5724.658203125 MHz
Bandwidth: 0.0 MHz
Peak Power: -34.54 dBm
Peak Frequency: 5724.638671875 MHz
Position X: None
Position Y: None
Channel: None
Potential Channels: []
2024-04-26 17:00:14,001 - INFO - Signal ID: 184
Start Frequency: 5724.6875 MHz
End Frequency: 5724.697265625 MHz
Bandwidth: 0.0 MHz
Peak Power: -35.0 dBm
Peak Frequency: 5724.6875 MHz
Position X: None
Position Y: None
Channel: None
Potential Channels: []
2024-04-26 17:00:14,001 - INFO - Signal ID: 185
Start Frequency: 5724.74609375 MHz
End Frequency: 5724.86328125 MHz
Bandwidth: 0.0 MHz
Peak Power: -33.69 dBm
Peak Frequency: 5724.755859375 MHz
Position X: None
Position Y: None
Channel: None
Potential Channels: []
2024-04-26 17:00:14,001 - INFO - Signal ID: 186
Start Frequency: 5724.8828125 MHz
End Frequency: 5724.921875 MHz
Bandwidth: 0.0 MHz
Peak Power: -34.37 dBm
Peak Frequency: 5724.8828125 MHz
Position X: None
Position Y: None
Channel: None
Potential Channels: []
2024-04-26 17:00:14,001 - INFO - Signal ID: 187
Start Frequency: 5724.990234375 MHz
End Frequency: 5725.01953125 MHz
Bandwidth: 0.0 MHz
Peak Power: 21.59 dBm
Peak Frequency: 5725.0 MHz
Position X: None
Position Y: None
Channel: None
Potential Channels: []
2024-04-26 17:00:14,001 - INFO - Signal ID: 188
Start Frequency: 5725.09765625 MHz
End Frequency: 5725.126953125 MHz
Bandwidth: 0.0 MHz
Peak Power: -34.75 dBm
Peak Frequency: 5725.1171875 MHz
Position X: None
Position Y: None
Channel: None
Potential Channels: []
2024-04-26 17:00:14,002 - INFO - Signal ID: 189
Start Frequency: 5725.1953125 MHz
End Frequency: 5725.205078125 MHz
Bandwidth: 0.0 MHz
Peak Power: -34.95 dBm
Peak Frequency: 5725.1953125 MHz
Position X: None
Position Y: None
Channel: None
Potential Channels: []
2024-04-26 17:00:14,256 - INFO - Signal ID: 190
Start Frequency: 5724.00390625 MHz
End Frequency: 5724.04296875 MHz
Bandwidth: 0.0 MHz
Peak Power: -33.43 dBm
Peak Frequency: 5724.013671875 MHz
Position X: None
Position Y: None
Channel: None
Potential Channels: []
2024-04-26 17:00:14,517 - INFO - Signal ID: 191
Start Frequency: 5724.013671875 MHz
End Frequency: 5724.0625 MHz
Bandwidth: 0.0 MHz
Peak Power: -32.82 dBm
Peak Frequency: 5724.0234375 MHz
Position X: None
Position Y: None
Channel: None
Potential Channels: []
2024-04-26 17:00:14,779 - INFO - Signal ID: 192
Start Frequency: 5723.994140625 MHz
End Frequency: 5724.04296875 MHz
Bandwidth: 0.0 MHz
Peak Power: -32.39 dBm
Peak Frequency: 5724.00390625 MHz
Position X: None
Position Y: None
Channel: None
Potential Channels: []
2024-04-26 17:00:15,009 - INFO - Signal ID: 193
Start Frequency: 5724.00390625 MHz
End Frequency: 5724.0625 MHz
Bandwidth: 0.0 MHz
Peak Power: -31.78 dBm
Peak Frequency: 5724.013671875 MHz
Position X: None
Position Y: None
Channel: None
Potential Channels: []
2024-04-26 17:00:15,270 - INFO - Signal ID: 194
Start Frequency: 5724.0234375 MHz
End Frequency: 5724.072265625 MHz
Bandwidth: 0.0 MHz
Peak Power: -32.58 dBm
Peak Frequency: 5724.033203125 MHz
Position X: None
Position Y: None
Channel: None
Potential Channels: []
2024-04-26 17:00:15,533 - INFO - Signal ID: 195
Start Frequency: 5724.04296875 MHz
End Frequency: 5724.0625 MHz
Bandwidth: 0.0 MHz
Peak Power: -34.51 dBm
Peak Frequency: 5724.04296875 MHz
Position X: None
Position Y: None
Channel: None
Potential Channels: []
2024-04-26 17:00:15,810 - INFO - Signal ID: 196
Start Frequency: 5722.83203125 MHz
End Frequency: 5722.841796875 MHz
Bandwidth: 0.0 MHz
Peak Power: -34.76 dBm
Peak Frequency: 5722.83203125 MHz
Position X: None
Position Y: None
Channel: None
Potential Channels: []
2024-04-26 17:00:15,810 - INFO - Signal ID: 197
Start Frequency: 5724.033203125 MHz
End Frequency: 5724.1015625 MHz
Bandwidth: 0.0 MHz
Peak Power: -29.07 dBm
Peak Frequency: 5724.052734375 MHz
Position X: None
Position Y: None
Channel: None
Potential Channels: []
2024-04-26 17:00:15,810 - INFO - Signal ID: 198
Start Frequency: 5725.234375 MHz
End Frequency: 5725.25390625 MHz
Bandwidth: 0.0 MHz
Peak Power: -34.17 dBm
Peak Frequency: 5725.234375 MHz
Position X: None
Position Y: None
Channel: None
Potential Channels: []
2024-04-26 17:00:15,810 - INFO - Signal ID: 199
Start Frequency: 5725.283203125 MHz
End Frequency: 5725.29296875 MHz
Bandwidth: 0.0 MHz
Peak Power: -34.83 dBm
Peak Frequency: 5725.283203125 MHz
Position X: None
Position Y: None
Channel: None
Potential Channels: []
2024-04-26 17:00:16,313 - INFO - Signal ID: 200
Start Frequency: 5724.0625 MHz
End Frequency: 5724.130859375 MHz
Bandwidth: 0.0 MHz
Peak Power: -29.65 dBm
Peak Frequency: 5724.08203125 MHz
Position X: None
Position Y: None
Channel: None
Potential Channels: []
2024-04-26 17:00:16,570 - INFO - Signal ID: 201
Start Frequency: 5722.8515625 MHz
End Frequency: 5722.978515625 MHz
Bandwidth: 0.0 MHz
Peak Power: -33.82 dBm
Peak Frequency: 5722.890625 MHz
Position X: None
Position Y: None
Channel: None
Potential Channels: []
2024-04-26 17:00:16,570 - INFO - Signal ID: 202
Start Frequency: 5724.04296875 MHz
End Frequency: 5724.189453125 MHz
Bandwidth: 0.0 MHz
Peak Power: -29.72 dBm
Peak Frequency: 5724.08203125 MHz
Position X: None
Position Y: None
Channel: None
Potential Channels: []
2024-04-26 17:00:16,570 - INFO - Signal ID: 203
Start Frequency: 5724.755859375 MHz
End Frequency: 5726.123046875 MHz
Bandwidth: 0.0 MHz
Peak Power: 21.59 dBm
Peak Frequency: 5725.0 MHz
Position X: None
Position Y: None
Channel: None
Potential Channels: []
2024-04-26 17:00:16,570 - INFO - Signal ID: 204
Start Frequency: 5726.142578125 MHz
End Frequency: 5726.240234375 MHz
Bandwidth: 0.0 MHz
Peak Power: -34.46 dBm
Peak Frequency: 5726.181640625 MHz
Position X: None
Position Y: None
Channel: None
Potential Channels: []
2024-04-26 17:00:16,814 - INFO - Signal ID: 205
Start Frequency: 5722.8515625 MHz
End Frequency: 5723.0078125 MHz
Bandwidth: 0.0 MHz
Peak Power: -32.31 dBm
Peak Frequency: 5722.861328125 MHz
Position X: None
Position Y: None
Channel: None
Potential Channels: []
2024-04-26 17:00:16,815 - INFO - Signal ID: 206
Start Frequency: 5724.033203125 MHz
End Frequency: 5724.21875 MHz
Bandwidth: 0.0 MHz
Peak Power: -25.79 dBm
Peak Frequency: 5724.091796875 MHz
Position X: None
Position Y: None
Channel: None
Potential Channels: []
2024-04-26 17:00:16,815 - INFO - Signal ID: 207
Start Frequency: 5724.755859375 MHz
End Frequency: 5726.435546875 MHz
Bandwidth: 0.0 MHz
Peak Power: 21.6 dBm
Peak Frequency: 5725.0 MHz
Position X: None
Position Y: None
Channel: None
Potential Channels: []
2024-04-26 17:00:16,815 - INFO - Signal ID: 208
Start Frequency: 5726.494140625 MHz
End Frequency: 5726.50390625 MHz
Bandwidth: 0.0 MHz
Peak Power: -34.8 dBm
Peak Frequency: 5726.494140625 MHz
Position X: None
Position Y: None
Channel: None
Potential Channels: []
2024-04-26 17:00:16,815 - INFO - Signal ID: 209
Start Frequency: 5726.611328125 MHz
End Frequency: 5726.689453125 MHz
Bandwidth: 0.0 MHz
Peak Power: -34.01 dBm
Peak Frequency: 5726.650390625 MHz
Position X: None
Position Y: None
Channel: None
Potential Channels: []
2024-04-26 17:00:17,054 - INFO - Signal ID: 210
Start Frequency: 5722.802734375 MHz
End Frequency: 5723.037109375 MHz
Bandwidth: 0.0 MHz
Peak Power: -28.91 dBm
Peak Frequency: 5722.861328125 MHz
Position X: None
Position Y: None
Channel: None
Potential Channels: []
2024-04-26 17:00:17,054 - INFO - Signal ID: 211
Start Frequency: 5723.984375 MHz
End Frequency: 5724.248046875 MHz
Bandwidth: 0.0 MHz
Peak Power: -22.69 dBm
Peak Frequency: 5724.08203125 MHz
Position X: None
Position Y: None
Channel: None
Potential Channels: []
2024-04-26 17:00:17,064 - INFO - Signal ID: 212
Start Frequency: 5724.47265625 MHz
End Frequency: 5726.552734375 MHz
Bandwidth: 0.0 MHz
Peak Power: 21.6 dBm
Peak Frequency: 5725.0 MHz
Position X: None
Position Y: None
Channel: None
Potential Channels: []
2024-04-26 17:00:17,064 - INFO - Signal ID: 213
Start Frequency: 5726.591796875 MHz
End Frequency: 5726.708984375 MHz
Bandwidth: 0.0 MHz
Peak Power: -31.26 dBm
Peak Frequency: 5726.630859375 MHz
Position X: None
Position Y: None
Channel: None
Potential Channels: []
2024-04-26 17:00:17,307 - INFO - Signal ID: 214
Start Frequency: 5722.802734375 MHz
End Frequency: 5723.0078125 MHz
Bandwidth: 0.0 MHz
Peak Power: -30.23 dBm
Peak Frequency: 5722.841796875 MHz
Position X: None
Position Y: None
Channel: None
Potential Channels: []
2024-04-26 17:00:17,307 - INFO - Signal ID: 215
Start Frequency: 5723.984375 MHz
End Frequency: 5724.21875 MHz
Bandwidth: 0.0 MHz
Peak Power: -24.19 dBm
Peak Frequency: 5724.072265625 MHz
Position X: None
Position Y: None
Channel: None
Potential Channels: []
2024-04-26 17:00:17,307 - INFO - Signal ID: 216
Start Frequency: 5724.47265625 MHz
End Frequency: 5726.396484375 MHz
Bandwidth: 0.0 MHz
Peak Power: 21.6 dBm
Peak Frequency: 5725.0 MHz
Position X: None
Position Y: None
Channel: None
Potential Channels: []
2024-04-26 17:00:17,307 - INFO - Signal ID: 217
Start Frequency: 5726.435546875 MHz
End Frequency: 5726.455078125 MHz
Bandwidth: 0.0 MHz
Peak Power: -34.39 dBm
Peak Frequency: 5726.435546875 MHz
Position X: None
Position Y: None
Channel: None
Potential Channels: []
2024-04-26 17:00:17,307 - INFO - Signal ID: 218
Start Frequency: 5726.611328125 MHz
End Frequency: 5726.689453125 MHz
Bandwidth: 0.0 MHz
Peak Power: -32.99 dBm
Peak Frequency: 5726.650390625 MHz
Position X: None
Position Y: None
Channel: None
Potential Channels: []
2024-04-26 17:00:17,562 - INFO - Signal ID: 219
Start Frequency: 5722.83203125 MHz
End Frequency: 5722.998046875 MHz
Bandwidth: 0.0 MHz
Peak Power: -32.49 dBm
Peak Frequency: 5722.87109375 MHz
Position X: None
Position Y: None
Channel: None
Potential Channels: []
2024-04-26 17:00:17,562 - INFO - Signal ID: 220
Start Frequency: 5724.00390625 MHz
End Frequency: 5724.208984375 MHz
Bandwidth: 0.0 MHz
Peak Power: -26.8 dBm
Peak Frequency: 5724.072265625 MHz
Position X: None
Position Y: None
Channel: None
Potential Channels: []
2024-04-26 17:00:17,562 - INFO - Signal ID: 221
Start Frequency: 5724.66796875 MHz
End Frequency: 5726.396484375 MHz
Bandwidth: 0.0 MHz
Peak Power: 21.6 dBm
Peak Frequency: 5725.0 MHz
Position X: None
Position Y: None
Channel: None
Potential Channels: []
2024-04-26 17:00:17,566 - INFO - Signal ID: 222
Start Frequency: 5726.455078125 MHz
End Frequency: 5726.46484375 MHz
Bandwidth: 0.0 MHz
Peak Power: -34.64 dBm
Peak Frequency: 5726.455078125 MHz
Position X: None
Position Y: None
Channel: None
Potential Channels: []
2024-04-26 17:00:17,566 - INFO - Signal ID: 223
Start Frequency: 5726.62109375 MHz
End Frequency: 5726.630859375 MHz
Bandwidth: 0.0 MHz
Peak Power: -34.96 dBm
Peak Frequency: 5726.62109375 MHz
Position X: None
Position Y: None
Channel: None
Potential Channels: []
2024-04-26 17:00:17,566 - INFO - Signal ID: 224
Start Frequency: 5726.650390625 MHz
End Frequency: 5726.669921875 MHz
Bandwidth: 0.0 MHz
Peak Power: -34.37 dBm
Peak Frequency: 5726.650390625 MHz
Position X: None
Position Y: None
Channel: None
Potential Channels: []
2024-04-26 17:00:17,841 - INFO - Signal ID: 225
Start Frequency: 5722.8125 MHz
End Frequency: 5723.0078125 MHz
Bandwidth: 0.0 MHz
Peak Power: -30.69 dBm
Peak Frequency: 5722.841796875 MHz
Position X: None
Position Y: None
Channel: None
Potential Channels: []
2024-04-26 17:00:17,841 - INFO - Signal ID: 226
Start Frequency: 5723.994140625 MHz
End Frequency: 5724.21875 MHz
Bandwidth: 0.0 MHz
Peak Power: -24.56 dBm
Peak Frequency: 5724.0625 MHz
Position X: None
Position Y: None
Channel: None
Potential Channels: []
2024-04-26 17:00:17,841 - INFO - Signal ID: 227
Start Frequency: 5724.482421875 MHz
End Frequency: 5724.521484375 MHz
Bandwidth: 0.0 MHz
Peak Power: -34.16 dBm
Peak Frequency: 5724.4921875 MHz
Position X: None
Position Y: None
Channel: None
Potential Channels: []
2024-04-26 17:00:17,841 - INFO - Signal ID: 228
Start Frequency: 5724.541015625 MHz
End Frequency: 5724.5703125 MHz
Bandwidth: 0.0 MHz
Peak Power: -34.46 dBm
Peak Frequency: 5724.560546875 MHz
Position X: None
Position Y: None
Channel: None
Potential Channels: []
2024-04-26 17:00:17,841 - INFO - Signal ID: 229
Start Frequency: 5724.609375 MHz
End Frequency: 5724.638671875 MHz
Bandwidth: 0.0 MHz
Peak Power: -34.6 dBm
Peak Frequency: 5724.619140625 MHz
Position X: None
Position Y: None
Channel: None
Potential Channels: []
2024-04-26 17:00:17,841 - INFO - Signal ID: 230
Start Frequency: 5724.658203125 MHz
End Frequency: 5726.46484375 MHz
Bandwidth: 0.0 MHz
Peak Power: 21.59 dBm
Peak Frequency: 5725.0 MHz
Position X: None
Position Y: None
Channel: None
Potential Channels: []
2024-04-26 17:00:17,841 - INFO - Signal ID: 231
Start Frequency: 5726.611328125 MHz
End Frequency: 5726.689453125 MHz
Bandwidth: 0.0 MHz
Peak Power: -33.25 dBm
Peak Frequency: 5726.650390625 MHz
Position X: None
Position Y: None
Channel: None
Potential Channels: []
2024-04-26 17:00:18,090 - INFO - Signal ID: 232
Start Frequency: 5722.79296875 MHz
End Frequency: 5723.02734375 MHz
Bandwidth: 0.0 MHz
Peak Power: -30.65 dBm
Peak Frequency: 5722.861328125 MHz
Position X: None
Position Y: None
Channel: None
Potential Channels: []
2024-04-26 17:00:18,096 - INFO - Signal ID: 233
Start Frequency: 5723.974609375 MHz
End Frequency: 5724.21875 MHz
Bandwidth: 0.0 MHz
Peak Power: -24.9 dBm
Peak Frequency: 5724.052734375 MHz
Position X: None
Position Y: None
Channel: None
Potential Channels: []
2024-04-26 17:00:18,096 - INFO - Signal ID: 234
Start Frequency: 5724.462890625 MHz
End Frequency: 5724.51171875 MHz
Bandwidth: 0.0 MHz
Peak Power: -34.04 dBm
Peak Frequency: 5724.482421875 MHz
Position X: None
Position Y: None
Channel: None
Potential Channels: []
2024-04-26 17:00:18,096 - INFO - Signal ID: 235
Start Frequency: 5724.53125 MHz
End Frequency: 5726.708984375 MHz
Bandwidth: 0.0 MHz
Peak Power: 21.59 dBm
Peak Frequency: 5725.0 MHz
Position X: None
Position Y: None
Channel: None
Potential Channels: []
2024-04-26 17:00:18,339 - INFO - Signal ID: 236
Start Frequency: 5722.783203125 MHz
End Frequency: 5723.0078125 MHz
Bandwidth: 0.0 MHz
Peak Power: -30.14 dBm
Peak Frequency: 5722.822265625 MHz
Position X: None
Position Y: None
Channel: None
Potential Channels: []
2024-04-26 17:00:18,344 - INFO - Signal ID: 237
Start Frequency: 5723.96484375 MHz
End Frequency: 5724.208984375 MHz
Bandwidth: 0.0 MHz
Peak Power: -25.34 dBm
Peak Frequency: 5724.04296875 MHz
Position X: None
Position Y: None
Channel: None
Potential Channels: []
2024-04-26 17:00:18,344 - INFO - Signal ID: 238
Start Frequency: 5724.47265625 MHz
End Frequency: 5724.482421875 MHz
Bandwidth: 0.0 MHz
Peak Power: -34.95 dBm
Peak Frequency: 5724.47265625 MHz
Position X: None
Position Y: None
Channel: None
Potential Channels: []
2024-04-26 17:00:18,344 - INFO - Signal ID: 239
Start Frequency: 5724.599609375 MHz
End Frequency: 5724.609375 MHz
Bandwidth: 0.0 MHz
Peak Power: -34.81 dBm
Peak Frequency: 5724.599609375 MHz
Position X: None
Position Y: None
Channel: None
Potential Channels: []
2024-04-26 17:00:18,344 - INFO - Signal ID: 240
Start Frequency: 5724.62890625 MHz
End Frequency: 5726.5625 MHz
Bandwidth: 0.0 MHz
Peak Power: 21.59 dBm
Peak Frequency: 5725.0 MHz
Position X: None
Position Y: None
Channel: None
Potential Channels: []
2024-04-26 17:00:18,344 - INFO - Signal ID: 241
Start Frequency: 5726.58203125 MHz
End Frequency: 5726.591796875 MHz
Bandwidth: 0.0 MHz
Peak Power: -34.99 dBm
Peak Frequency: 5726.58203125 MHz
Position X: None
Position Y: None
Channel: None
Potential Channels: []
2024-04-26 17:00:18,344 - INFO - Signal ID: 242
Start Frequency: 5726.611328125 MHz
End Frequency: 5726.69921875 MHz
Bandwidth: 0.0 MHz
Peak Power: -33.53 dBm
Peak Frequency: 5726.62109375 MHz
Position X: None
Position Y: None
Channel: None
Potential Channels: []
2024-04-26 17:00:18,622 - INFO - Signal ID: 243
Start Frequency: 5722.802734375 MHz
End Frequency: 5722.939453125 MHz
Bandwidth: 0.0 MHz
Peak Power: -33.49 dBm
Peak Frequency: 5722.822265625 MHz
Position X: None
Position Y: None
Channel: None
Potential Channels: []
2024-04-26 17:00:18,622 - INFO - Signal ID: 244
Start Frequency: 5723.994140625 MHz
End Frequency: 5724.16015625 MHz
Bandwidth: 0.0 MHz
Peak Power: -26.79 dBm
Peak Frequency: 5724.04296875 MHz
Position X: None
Position Y: None
Channel: None
Potential Channels: []
2024-04-26 17:00:18,622 - INFO - Signal ID: 245
Start Frequency: 5724.677734375 MHz
End Frequency: 5724.70703125 MHz
Bandwidth: 0.0 MHz
Peak Power: -34.47 dBm
Peak Frequency: 5724.6875 MHz
Position X: None
Position Y: None
Channel: None
Potential Channels: []
2024-04-26 17:00:18,623 - INFO - Signal ID: 246
Start Frequency: 5724.7265625 MHz
End Frequency: 5725.458984375 MHz
Bandwidth: 0.0 MHz
Peak Power: 21.6 dBm
Peak Frequency: 5725.0 MHz
Position X: None
Position Y: None
Channel: None
Potential Channels: []
2024-04-26 17:00:18,623 - INFO - Signal ID: 247
Start Frequency: 5725.48828125 MHz
End Frequency: 5726.11328125 MHz
Bandwidth: 0.0 MHz
Peak Power: -33.23 dBm
Peak Frequency: 5725.615234375 MHz
Position X: None
Position Y: None
Channel: None
Potential Channels: []
2024-04-26 17:00:18,623 - INFO - Signal ID: 248
Start Frequency: 5726.142578125 MHz
End Frequency: 5726.15234375 MHz
Bandwidth: 0.0 MHz
Peak Power: -34.78 dBm
Peak Frequency: 5726.142578125 MHz
Position X: None
Position Y: None
Channel: None
Potential Channels: []
2024-04-26 17:00:18,623 - INFO - Signal ID: 249
Start Frequency: 5726.171875 MHz
End Frequency: 5726.25 MHz
Bandwidth: 0.0 MHz
Peak Power: -34.8 dBm
Peak Frequency: 5726.19140625 MHz
Position X: None
Position Y: None
Channel: None
Potential Channels: []
2024-04-26 17:00:18,623 - INFO - Signal ID: 250
Start Frequency: 5726.630859375 MHz
End Frequency: 5726.640625 MHz
Bandwidth: 0.0 MHz
Peak Power: -34.71 dBm
Peak Frequency: 5726.630859375 MHz
Position X: None
Position Y: None
Channel: None
Potential Channels: []
2024-04-26 17:00:19,129 - INFO - Signal ID: 251
Start Frequency: 5723.88671875 MHz
End Frequency: 5723.9453125 MHz
Bandwidth: 0.0 MHz
Peak Power: -31.13 dBm
Peak Frequency: 5723.90625 MHz
Position X: None
Position Y: None
Channel: None
Potential Channels: []
2024-04-26 17:00:19,651 - INFO - Signal ID: 252
Start Frequency: 5723.896484375 MHz
End Frequency: 5723.935546875 MHz
Bandwidth: 0.0 MHz
Peak Power: -41.23 dBm
Peak Frequency: 5723.90625 MHz
Position X: None
Position Y: None
Channel: None
Potential Channels: []
2024-04-26 17:00:19,651 - INFO - Signal ID: 253
Start Frequency: 5725.341796875 MHz
End Frequency: 5725.37109375 MHz
Bandwidth: 0.0 MHz
Peak Power: -46.67 dBm
Peak Frequency: 5725.341796875 MHz
Position X: None
Position Y: None
Channel: None
Potential Channels: []
2024-04-26 17:00:19,651 - INFO - Signal ID: 254
Start Frequency: 5725.390625 MHz
End Frequency: 5725.400390625 MHz
Bandwidth: 0.0 MHz
Peak Power: -46.89 dBm
Peak Frequency: 5725.390625 MHz
Position X: None
Position Y: None
Channel: None
Potential Channels: []
2024-04-26 17:00:19,927 - INFO - Signal ID: 255
Start Frequency: 5723.515625 MHz
End Frequency: 5723.564453125 MHz
Bandwidth: 0.0 MHz
Peak Power: -42.85 dBm
Peak Frequency: 5723.544921875 MHz
Position X: None
Position Y: None
Channel: None
Potential Channels: []
2024-04-26 17:00:21,236 - INFO - Signal ID: 256
Start Frequency: 5723.544921875 MHz
End Frequency: 5723.57421875 MHz
Bandwidth: 0.0 MHz
Peak Power: -32.31 dBm
Peak Frequency: 5723.5546875 MHz
Position X: None
Position Y: None
Channel: None
Potential Channels: []
2024-04-26 17:00:21,514 - INFO - Signal ID: 257
Start Frequency: 5724.04296875 MHz
End Frequency: 5724.08203125 MHz
Bandwidth: 0.0 MHz
Peak Power: -32.18 dBm
Peak Frequency: 5724.052734375 MHz
Position X: None
Position Y: None
Channel: None
Potential Channels: []
2024-04-26 17:00:22,348 - INFO - Signal ID: 258
Start Frequency: 5724.150390625 MHz
End Frequency: 5724.16015625 MHz
Bandwidth: 0.0 MHz
Peak Power: -34.98 dBm
Peak Frequency: 5724.150390625 MHz
Position X: 1384
Position Y: 960
Channel: None
Potential Channels: []
2024-04-26 17:00:22,501 - INFO - Signal ID: 259
Start Frequency: 5724.1796875 MHz
End Frequency: 5724.189453125 MHz
Bandwidth: 0.0 MHz
Peak Power: -34.97 dBm
Peak Frequency: 5724.1796875 MHz
Position X: None
Position Y: None
Channel: None
Potential Channels: []
2024-04-26 17:00:22,780 - INFO - Signal ID: 260
Start Frequency: 5724.16015625 MHz
End Frequency: 5724.189453125 MHz
Bandwidth: 0.0 MHz
Peak Power: -34.21 dBm
Peak Frequency: 5724.16015625 MHz
Position X: None
Position Y: None
Channel: None
Potential Channels: []
2024-04-26 17:00:23,049 - INFO - Signal ID: 261
Start Frequency: 5724.150390625 MHz
End Frequency: 5724.189453125 MHz
Bandwidth: 0.0 MHz
Peak Power: -33.94 dBm
Peak Frequency: 5724.16015625 MHz
Position X: None
Position Y: None
Channel: None
Potential Channels: []
2024-04-26 17:00:23,300 - INFO - Signal ID: 262
Start Frequency: 5724.150390625 MHz
End Frequency: 5724.189453125 MHz
Bandwidth: 0.0 MHz
Peak Power: -32.78 dBm
Peak Frequency: 5724.16015625 MHz
Position X: None
Position Y: None
Channel: None
Potential Channels: []
2024-04-26 17:00:23,552 - INFO - Signal ID: 263
Start Frequency: 5724.16015625 MHz
End Frequency: 5724.19921875 MHz
Bandwidth: 0.0 MHz
Peak Power: -33.89 dBm
Peak Frequency: 5724.169921875 MHz
Position X: None
Position Y: None
Channel: None
Potential Channels: []
2024-04-26 17:00:23,784 - INFO - Signal ID: 264
Start Frequency: 5724.150390625 MHz
End Frequency: 5724.19921875 MHz
Bandwidth: 0.0 MHz
Peak Power: -32.05 dBm
Peak Frequency: 5724.16015625 MHz
Position X: None
Position Y: None
Channel: None
Potential Channels: []
2024-04-26 17:00:24,036 - INFO - Signal ID: 265
Start Frequency: 5724.150390625 MHz
End Frequency: 5724.189453125 MHz
Bandwidth: 0.0 MHz
Peak Power: -32.61 dBm
Peak Frequency: 5724.16015625 MHz
Position X: None
Position Y: None
Channel: None
Potential Channels: []
2024-04-26 17:00:24,295 - INFO - Signal ID: 266
Start Frequency: 5724.140625 MHz
End Frequency: 5724.189453125 MHz
Bandwidth: 0.0 MHz
Peak Power: -32.63 dBm
Peak Frequency: 5724.16015625 MHz
Position X: None
Position Y: None
Channel: None
Potential Channels: []
2024-04-26 17:00:24,540 - INFO - Signal ID: 267
Start Frequency: 5724.150390625 MHz
End Frequency: 5724.1796875 MHz
Bandwidth: 0.0 MHz
Peak Power: -33.42 dBm
Peak Frequency: 5724.16015625 MHz
Position X: None
Position Y: None
Channel: None
Potential Channels: []
2024-04-26 17:00:24,713 - INFO - Signal ID: 268
Start Frequency: 5724.140625 MHz
End Frequency: 5724.189453125 MHz
Bandwidth: 0.0 MHz
Peak Power: -31.13 dBm
Peak Frequency: 5724.16015625 MHz
Position X: None
Position Y: None
Channel: None
Potential Channels: []
2024-04-26 17:00:24,978 - INFO - Signal ID: 269
Start Frequency: 5724.140625 MHz
End Frequency: 5724.189453125 MHz
Bandwidth: 0.0 MHz
Peak Power: -32.24 dBm
Peak Frequency: 5724.16015625 MHz
Position X: None
Position Y: None
Channel: None
Potential Channels: []
2024-04-26 17:00:25,241 - INFO - Signal ID: 270
Start Frequency: 5724.130859375 MHz
End Frequency: 5724.189453125 MHz
Bandwidth: 0.0 MHz
Peak Power: -30.25 dBm
Peak Frequency: 5724.16015625 MHz
Position X: None
Position Y: None
Channel: None
Potential Channels: []
2024-04-26 17:00:25,516 - INFO - Signal ID: 271
Start Frequency: 5724.140625 MHz
End Frequency: 5724.189453125 MHz
Bandwidth: 0.0 MHz
Peak Power: -32.19 dBm
Peak Frequency: 5724.150390625 MHz
Position X: None
Position Y: None
Channel: None
Potential Channels: []
2024-04-26 17:00:25,765 - INFO - Signal ID: 272
Start Frequency: 5724.150390625 MHz
End Frequency: 5724.189453125 MHz
Bandwidth: 0.0 MHz
Peak Power: -33.34 dBm
Peak Frequency: 5724.16015625 MHz
Position X: None
Position Y: None
Channel: None
Potential Channels: []
2024-04-26 17:00:26,035 - INFO - Signal ID: 273
Start Frequency: 5724.150390625 MHz
End Frequency: 5724.169921875 MHz
Bandwidth: 0.0 MHz
Peak Power: -34.12 dBm
Peak Frequency: 5724.150390625 MHz
Position X: None
Position Y: None
Channel: None
Potential Channels: []
2024-04-26 17:00:26,287 - INFO - Signal ID: 274
Start Frequency: 5724.169921875 MHz
End Frequency: 5724.189453125 MHz
Bandwidth: 0.0 MHz
Peak Power: -34.46 dBm
Peak Frequency: 5724.1796875 MHz
Position X: None
Position Y: None
Channel: None
Potential Channels: []
2024-04-26 17:00:26,543 - INFO - Signal ID: 275
Start Frequency: 5724.189453125 MHz
End Frequency: 5724.2578125 MHz
Bandwidth: 0.0 MHz
Peak Power: -30.43 dBm
Peak Frequency: 5724.228515625 MHz
Position X: None
Position Y: None
Channel: None
Potential Channels: []
2024-04-26 17:00:26,784 - INFO - Signal ID: 276
Start Frequency: 5724.19921875 MHz
End Frequency: 5724.23828125 MHz
Bandwidth: 0.0 MHz
Peak Power: -33.67 dBm
Peak Frequency: 5724.208984375 MHz
Position X: None
Position Y: None
Channel: None
Potential Channels: []
2024-04-26 17:00:28,332 - INFO - Signal ID: 277
Start Frequency: 5724.47265625 MHz
End Frequency: 5724.501953125 MHz
Bandwidth: 0.0 MHz
Peak Power: -31.84 dBm
Peak Frequency: 5724.482421875 MHz
Position X: None
Position Y: None
Channel: None
Potential Channels: []
2024-04-26 17:00:28,332 - INFO - Signal ID: 278
Start Frequency: 5724.53125 MHz
End Frequency: 5724.55078125 MHz
Bandwidth: 0.0 MHz
Peak Power: -33.45 dBm
Peak Frequency: 5724.53125 MHz
Position X: None
Position Y: None
Channel: None
Potential Channels: []
2024-04-26 17:00:28,332 - INFO - Signal ID: 279
Start Frequency: 5724.638671875 MHz
End Frequency: 5724.658203125 MHz
Bandwidth: 0.0 MHz
Peak Power: -34.79 dBm
Peak Frequency: 5724.6484375 MHz
Position X: None
Position Y: None
Channel: None
Potential Channels: []
2024-04-26 17:00:28,582 - INFO - Signal ID: 280
Start Frequency: 5724.23828125 MHz
End Frequency: 5724.27734375 MHz
Bandwidth: 0.0 MHz
Peak Power: -31.73 dBm
Peak Frequency: 5724.248046875 MHz
Position X: None
Position Y: None
Channel: None
Potential Channels: []
2024-04-26 17:00:28,582 - INFO - Signal ID: 281
Start Frequency: 5725.44921875 MHz
End Frequency: 5725.576171875 MHz
Bandwidth: 0.0 MHz
Peak Power: -33.58 dBm
Peak Frequency: 5725.52734375 MHz
Position X: None
Position Y: None
Channel: None
Potential Channels: []
2024-04-26 17:00:29,049 - INFO - Signal ID: 282
Start Frequency: 5723.90625 MHz
End Frequency: 5723.92578125 MHz
Bandwidth: 0.0 MHz
Peak Power: -41.41 dBm
Peak Frequency: 5723.90625 MHz
Position X: None
Position Y: None
Channel: None
Potential Channels: []
2024-04-26 17:00:29,049 - INFO - Signal ID: 283
Start Frequency: 5725.5078125 MHz
End Frequency: 5725.576171875 MHz
Bandwidth: 0.0 MHz
Peak Power: -43.31 dBm
Peak Frequency: 5725.537109375 MHz
Position X: None
Position Y: None
Channel: None
Potential Channels: []
2024-04-26 17:00:29,049 - INFO - Signal ID: 284
Start Frequency: 5725.595703125 MHz
End Frequency: 5725.68359375 MHz
Bandwidth: 0.0 MHz
Peak Power: -43.35 dBm
Peak Frequency: 5725.634765625 MHz
Position X: None
Position Y: None
Channel: None
Potential Channels: []
2024-04-26 17:00:29,336 - INFO - Signal ID: 285
Start Frequency: 5724.0234375 MHz
End Frequency: 5724.228515625 MHz
Bandwidth: 0.0 MHz
Peak Power: -51.01 dBm
Peak Frequency: 5724.052734375 MHz
Position X: None
Position Y: None
Channel: None
Potential Channels: []
2024-04-26 17:00:29,336 - INFO - Signal ID: 286
Start Frequency: 5725.234375 MHz
End Frequency: 5726.0546875 MHz
Bandwidth: 0.0 MHz
Peak Power: -44.22 dBm
Peak Frequency: 5725.29296875 MHz
Position X: None
Position Y: None
Channel: None
Potential Channels: []
2024-04-26 17:00:29,336 - INFO - Signal ID: 287
Start Frequency: 5726.09375 MHz
End Frequency: 5726.171875 MHz
Bandwidth: 0.0 MHz
Peak Power: -52.68 dBm
Peak Frequency: 5726.142578125 MHz
Position X: None
Position Y: None
Channel: None
Potential Channels: []
2024-04-26 17:00:29,847 - INFO - Signal ID: 288
Start Frequency: 5724.072265625 MHz
End Frequency: 5724.091796875 MHz
Bandwidth: 0.0 MHz
Peak Power: -34.51 dBm
Peak Frequency: 5724.072265625 MHz
Position X: None
Position Y: None
Channel: None
Potential Channels: []
2024-04-26 17:00:30,589 - INFO - Signal ID: 289
Start Frequency: 5723.984375 MHz
End Frequency: 5724.00390625 MHz
Bandwidth: 0.0 MHz
Peak Power: -32.61 dBm
Peak Frequency: 5723.984375 MHz
Position X: None
Position Y: None
Channel: None
Potential Channels: []
2024-04-26 17:00:30,831 - INFO - Signal ID: 290
Start Frequency: 5723.96484375 MHz
End Frequency: 5723.994140625 MHz
Bandwidth: 0.0 MHz
Peak Power: -31.97 dBm
Peak Frequency: 5723.974609375 MHz
Position X: None
Position Y: None
Channel: None
Potential Channels: []
2024-04-26 17:00:31,867 - INFO - Signal ID: 291
Start Frequency: 5724.0625 MHz
End Frequency: 5724.072265625 MHz
Bandwidth: 0.0 MHz
Peak Power: -34.67 dBm
Peak Frequency: 5724.0625 MHz
Position X: None
Position Y: None
Channel: None
Potential Channels: []
2024-04-26 17:00:33,282 - INFO - Signal ID: 292
Start Frequency: 5723.955078125 MHz
End Frequency: 5723.96484375 MHz
Bandwidth: 0.0 MHz
Peak Power: -34.97 dBm
Peak Frequency: 5723.955078125 MHz
Position X: None
Position Y: None
Channel: None
Potential Channels: []
2024-04-26 17:00:34,474 - INFO - Signal ID: 293
Start Frequency: 5723.935546875 MHz
End Frequency: 5723.9453125 MHz
Bandwidth: 0.0 MHz
Peak Power: -34.59 dBm
Peak Frequency: 5723.935546875 MHz
Position X: None
Position Y: None
Channel: None
Potential Channels: []
2024-04-26 17:00:35,241 - INFO - Signal ID: 294
Start Frequency: 5723.916015625 MHz
End Frequency: 5723.935546875 MHz
Bandwidth: 0.0 MHz
Peak Power: -34.68 dBm
Peak Frequency: 5723.916015625 MHz
Position X: None
Position Y: None
Channel: None
Potential Channels: []
2024-04-26 17:00:36,789 - INFO - Signal ID: 295
Start Frequency: 5723.92578125 MHz
End Frequency: 5723.9453125 MHz
Bandwidth: 0.0 MHz
Peak Power: -34.77 dBm
Peak Frequency: 5723.92578125 MHz
Position X: None
Position Y: None
Channel: None
Potential Channels: []
2024-04-26 17:00:36,941 - INFO - Signal ID: 296
Start Frequency: 5723.916015625 MHz
End Frequency: 5723.955078125 MHz
Bandwidth: 0.0 MHz
Peak Power: -32.97 dBm
Peak Frequency: 5723.92578125 MHz
Position X: None
Position Y: None
Channel: None
Potential Channels: []
2024-04-26 17:00:37,090 - INFO - Signal ID: 297
Start Frequency: 5723.90625 MHz
End Frequency: 5723.955078125 MHz
Bandwidth: 0.0 MHz
Peak Power: -32.82 dBm
Peak Frequency: 5723.916015625 MHz
Position X: None
Position Y: None
Channel: None
Potential Channels: []
2024-04-26 17:00:37,240 - INFO - Signal ID: 298
Start Frequency: 5723.896484375 MHz
End Frequency: 5723.916015625 MHz
Bandwidth: 0.0 MHz
Peak Power: -34.72 dBm
Peak Frequency: 5723.896484375 MHz
Position X: None
Position Y: None
Channel: None
Potential Channels: []
2024-04-26 17:00:37,536 - INFO - Signal ID: 299
Start Frequency: 5723.896484375 MHz
End Frequency: 5723.935546875 MHz
Bandwidth: 0.0 MHz
Peak Power: -32.56 dBm
Peak Frequency: 5723.90625 MHz
Position X: None
Position Y: None
Channel: None
Potential Channels: []
2024-04-26 17:00:37,537 - INFO - Signal ID: 300
Start Frequency: 5725.29296875 MHz
End Frequency: 5725.361328125 MHz
Bandwidth: 0.0 MHz
Peak Power: -33.9 dBm
Peak Frequency: 5725.322265625 MHz
Position X: None
Position Y: None
Channel: None
Potential Channels: []
2024-04-26 17:00:37,537 - INFO - Signal ID: 301
Start Frequency: 5725.390625 MHz
End Frequency: 5725.41015625 MHz
Bandwidth: 0.0 MHz
Peak Power: -34.77 dBm
Peak Frequency: 5725.390625 MHz
Position X: None
Position Y: None
Channel: None
Potential Channels: []
2024-04-26 17:00:38,089 - INFO - Signal ID: 302
Start Frequency: 5722.685546875 MHz
End Frequency: 5722.705078125 MHz
Bandwidth: 0.0 MHz
Peak Power: -33.76 dBm
Peak Frequency: 5722.685546875 MHz
Position X: None
Position Y: None
Channel: None
Potential Channels: []
2024-04-26 17:00:38,089 - INFO - Signal ID: 303
Start Frequency: 5723.88671875 MHz
End Frequency: 5723.955078125 MHz
Bandwidth: 0.0 MHz
Peak Power: -26.81 dBm
Peak Frequency: 5723.916015625 MHz
Position X: None
Position Y: None
Channel: None
Potential Channels: []
2024-04-26 17:00:38,089 - INFO - Signal ID: 304
Start Frequency: 5725.234375 MHz
End Frequency: 5725.859375 MHz
Bandwidth: 0.0 MHz
Peak Power: -32.43 dBm
Peak Frequency: 5725.234375 MHz
Position X: None
Position Y: None
Channel: None
Potential Channels: []
2024-04-26 17:00:38,089 - INFO - Signal ID: 305
Start Frequency: 5725.87890625 MHz
End Frequency: 5725.908203125 MHz
Bandwidth: 0.0 MHz
Peak Power: -34.86 dBm
Peak Frequency: 5725.888671875 MHz
Position X: None
Position Y: None
Channel: None
Potential Channels: []
2024-04-26 17:00:38,094 - INFO - Signal ID: 306
Start Frequency: 5725.966796875 MHz
End Frequency: 5726.09375 MHz
Bandwidth: 0.0 MHz
Peak Power: -34.11 dBm
Peak Frequency: 5726.005859375 MHz
Position X: None
Position Y: None
Channel: None
Potential Channels: []
2024-04-26 17:00:38,099 - INFO - Signal ID: 307
Start Frequency: 5726.923828125 MHz
End Frequency: 5726.953125 MHz
Bandwidth: 0.0 MHz
Peak Power: -34.79 dBm
Peak Frequency: 5726.93359375 MHz
Position X: None
Position Y: None
Channel: None
Potential Channels: []
2024-04-26 17:00:38,340 - INFO - Signal ID: 308
Start Frequency: 5722.685546875 MHz
End Frequency: 5722.705078125 MHz
Bandwidth: 0.0 MHz
Peak Power: -34.6 dBm
Peak Frequency: 5722.685546875 MHz
Position X: None
Position Y: None
Channel: None
Potential Channels: []
2024-04-26 17:00:38,340 - INFO - Signal ID: 309
Start Frequency: 5722.724609375 MHz
End Frequency: 5722.8125 MHz
Bandwidth: 0.0 MHz
Peak Power: -34.29 dBm
Peak Frequency: 5722.75390625 MHz
Position X: None
Position Y: None
Channel: None
Potential Channels: []
2024-04-26 17:00:38,340 - INFO - Signal ID: 310
Start Frequency: 5723.8671875 MHz
End Frequency: 5724.04296875 MHz
Bandwidth: 0.0 MHz
Peak Power: -28.18 dBm
Peak Frequency: 5723.916015625 MHz
Position X: None
Position Y: None
Channel: None
Potential Channels: []
2024-04-26 17:00:38,340 - INFO - Signal ID: 311
Start Frequency: 5724.755859375 MHz
End Frequency: 5725.908203125 MHz
Bandwidth: 0.0 MHz
Peak Power: 21.59 dBm
Peak Frequency: 5725.0 MHz
Position X: None
Position Y: None
Channel: None
Potential Channels: []
2024-04-26 17:00:38,340 - INFO - Signal ID: 312
Start Frequency: 5725.927734375 MHz
End Frequency: 5726.142578125 MHz
Bandwidth: 0.0 MHz
Peak Power: -33.98 dBm
Peak Frequency: 5726.005859375 MHz
Position X: None
Position Y: None
Channel: None
Potential Channels: []
2024-04-26 17:00:38,616 - INFO - Signal ID: 313
Start Frequency: 5722.67578125 MHz
End Frequency: 5722.6953125 MHz
Bandwidth: 0.0 MHz
Peak Power: -33.26 dBm
Peak Frequency: 5722.67578125 MHz
Position X: None
Position Y: None
Channel: None
Potential Channels: []
2024-04-26 17:00:38,616 - INFO - Signal ID: 314
Start Frequency: 5722.71484375 MHz
End Frequency: 5722.724609375 MHz
Bandwidth: 0.0 MHz
Peak Power: -34.39 dBm
Peak Frequency: 5722.71484375 MHz
Position X: None
Position Y: None
Channel: None
Potential Channels: []
2024-04-26 17:00:38,616 - INFO - Signal ID: 315
Start Frequency: 5722.744140625 MHz
End Frequency: 5722.783203125 MHz
Bandwidth: 0.0 MHz
Peak Power: -34.85 dBm
Peak Frequency: 5722.744140625 MHz
Position X: None
Position Y: None
Channel: None
Potential Channels: []
2024-04-26 17:00:38,616 - INFO - Signal ID: 316
Start Frequency: 5723.876953125 MHz
End Frequency: 5723.96484375 MHz
Bandwidth: 0.0 MHz
Peak Power: -26.18 dBm
Peak Frequency: 5723.90625 MHz
Position X: None
Position Y: None
Channel: None
Potential Channels: []
2024-04-26 17:00:38,616 - INFO - Signal ID: 317
Start Frequency: 5723.994140625 MHz
End Frequency: 5724.04296875 MHz
Bandwidth: 0.0 MHz
Peak Power: -34.8 dBm
Peak Frequency: 5724.013671875 MHz
Position X: None
Position Y: None
Channel: None
Potential Channels: []
2024-04-26 17:00:38,616 - INFO - Signal ID: 318
Start Frequency: 5725.234375 MHz
End Frequency: 5725.91796875 MHz
Bandwidth: 0.0 MHz
Peak Power: -32.38 dBm
Peak Frequency: 5725.2734375 MHz
Position X: None
Position Y: None
Channel: None
Potential Channels: []
2024-04-26 17:00:38,616 - INFO - Signal ID: 319
Start Frequency: 5725.9375 MHz
End Frequency: 5726.15234375 MHz
Bandwidth: 0.0 MHz
Peak Power: -33.39 dBm
Peak Frequency: 5725.9765625 MHz
Position X: None
Position Y: None
Channel: None
Potential Channels: []
2024-04-26 17:00:38,845 - INFO - Signal ID: 320
Start Frequency: 5723.88671875 MHz
End Frequency: 5723.9453125 MHz
Bandwidth: 0.0 MHz
Peak Power: -28.33 dBm
Peak Frequency: 5723.916015625 MHz
Position X: None
Position Y: None
Channel: None
Potential Channels: []
2024-04-26 17:00:38,845 - INFO - Signal ID: 321
Start Frequency: 5725.234375 MHz
End Frequency: 5725.341796875 MHz
Bandwidth: 0.0 MHz
Peak Power: -32.95 dBm
Peak Frequency: 5725.234375 MHz
Position X: None
Position Y: None
Channel: None
Potential Channels: []
2024-04-26 17:00:38,845 - INFO - Signal ID: 322
Start Frequency: 5725.380859375 MHz
End Frequency: 5725.400390625 MHz
Bandwidth: 0.0 MHz
Peak Power: -34.66 dBm
Peak Frequency: 5725.380859375 MHz
Position X: None
Position Y: None
Channel: None
Potential Channels: []
2024-04-26 17:00:38,845 - INFO - Signal ID: 323
Start Frequency: 5725.46875 MHz
End Frequency: 5725.478515625 MHz
Bandwidth: 0.0 MHz
Peak Power: -34.95 dBm
Peak Frequency: 5725.46875 MHz
Position X: None
Position Y: None
Channel: None
Potential Channels: []
2024-04-26 17:00:38,845 - INFO - Signal ID: 324
Start Frequency: 5725.517578125 MHz
End Frequency: 5725.6640625 MHz
Bandwidth: 0.0 MHz
Peak Power: -34.35 dBm
Peak Frequency: 5725.625 MHz
Position X: None
Position Y: None
Channel: None
Potential Channels: []
2024-04-26 17:00:38,845 - INFO - Signal ID: 325
Start Frequency: 5725.68359375 MHz
End Frequency: 5725.72265625 MHz
Bandwidth: 0.0 MHz
Peak Power: -34.59 dBm
Peak Frequency: 5725.703125 MHz
Position X: None
Position Y: None
Channel: None
Potential Channels: []
